956
0137
0173
0195
0397
0531
071b
0771
0777
077d
093b
095d
0b53
0b57
0bd3
0f33
105b
1117
1135
113b
113f
1151
1153
1157
115d
1171
1175
117b
117f
1193
1197
11b1
11b5
11bf
11d3
11f3
11f5
11f7
11fb
11ff
1313
1317
131b
131f
133f
1357
1371
1379
137b
1391
139d
139f
13bb
13d1
13d3
13d5
13df
13f1
13f7
13f9
13fd
1511
1519
151d
1537
153d
153f
1553
155d
155f
1571
1575
157b
157f
1597
15b5
15bb
15bf
15d1
15d9
15db
15dd
15f3
15f7
15fb
15ff
1715
171f
1731
175b
1779
17b1
17d1
17df
17f1
17f3
17f5
17f9
17fb
17fd
1911
1913
1919
191d
1931
193f
1971
1977
197f
1991
1993
1999
199f
19b3
19bf
19d1
19d3
19d7
19f5
19ff
1b13
1b15
1b1b
1b37
1b39
1b3b
1b51
1b5b
1b79
1b7b
1b7f
1b91
1b97
1b9d
1bb1
1bbf
1bdb
1bf1
1bf9
1bfd
1bff
1c31
1d19
1d5d
1d5f
1d75
1d7b
1d9d
1db1
1db3
1db9
1dbb
1dd1
1ddf
1dfd
1f13
1f17
1f1b
1f1d
1f1f
1f31
1f35
1f37
1f3b
1f3d
1f53
1f55
1f59
1f77
1f7d
1f7f
1f93
1f95
1f99
1f9b
1f9f
1fb9
1fd7
1fdf
3113
3115
311b
311f
3131
3139
313f
317f
3197
319b
31b1
31db
31df
31f1
31f3
31f7
31f9
31fd
3311
331b
331d
3353
33bf
33f5
33fd
351f
3531
3571
3591
359d
35d1
35df
35f1
35fd
371f
3737
3770
3777
3791
379b
37db
37ff
3901
391f
393f
397f
3991
39b1
39df
3b11
3b1d
3b31
3b3f
3b7f
3b9f
3bff
3d1f
3d37
3d51
3d77
3d95
3db0
3df1
3f11
3f15
3f17
3f19
3f1d
3f3f
3f51
3f5f
3f71
3f73
3f7b
3f7d
3f91
3f97
3fb5
3fbb
3fbf
3fd1
3ff7
3ffb
3fff
50f3
50fd
5111
5115
5119
511d
5133
513f
5159
5175
517b
517f
5191
519b
519f
51bd
51d1
51df
51f7
51fb
51ff
5305
5311
531b
531f
5351
535d
5375
539f
5513
551f
5531
553d
55b1
55bd
55dd
55f3
55f7
55f9
55ff
5711
575d
575f
5771
57d1
57d3
57d9
57f5
57fb
57fd
593d
595b
59bd
59d9
59ff
5b19
5b1f
5b55
5bd9
5bf1
5bf7
5bff
5d11
5d1b
5d1d
5d3d
5d73
5d95
5d99
5d9f
5dd3
5df5
5f15
5f17
5f1b
5f1f
5f39
5f3f
5f53
5f57
5f5f
5f71
5fb1
5fb3
5fbf
5fd7
5fdf
5ff1
5ff7
5ff9
5fff
70b1
70fb
7115
7117
711b
711f
713f
715b
717f
719b
71bf
71d1
71d7
71dd
71f1
71f3
71f5
71f9
71ff
7311
7319
731b
731d
7331
7371
7373
73b1
73f1
73fb
73ff
750d
7519
751f
7551
755f
75b7
75bb
75f1
7711
771f
773f
7751
7791
77f1
77f3
77f7
77f9
77ff
7911
7919
791d
7931
7971
7991
7997
799f
79b1
79bf
79db
79f1
79f5
7b10
7b50
7bf9
7d13
7d1f
7d33
7d37
7d7f
7df1
7dfd
7f11
7f15
7f19
7f1d
7f31
7f5f
7f71
7f75
7f77
7f7d
7f91
7f97
7f9b
7f9f
7fbd
7fd1
7fdf
7ff3
7ff7
7fff
907d
90bf
90f7
9111
9113
9119
911d
9137
913f
9153
9155
9175
917f
9195
91b1
91b3
91d1
91df
91f9
91fb
91ff
931f
937d
9391
93f1
93f5
9505
9513
9519
9571
959f
95f1
971b
971d
971f
9739
975d
979d
97bf
97d3
97ff
991f
9975
99f1
99f3
99fb
9b1d
9b59
9b91
9bb7
9bf1
9bf5
9bfb
9bff
9d11
9d15
9d19
9d1d
9d33
9d51
9d7d
9db3
9dd1
9dfb
9dff
9f15
9f17
9f1b
9f1f
9f31
9f33
9f3f
9f51
9f55
9f5d
9f71
9f9f
9fb1
9fb7
9fdb
9fdf
9ff1
9ff3
9ff5
9ffd
b03d
b115
b11b
b11f
b131
b151
b157
b15f
b179
b191
b19f
b1b7
b1d5
b1df
b1f1
b1f7
b1f9
b1fd
b31b
b331
b373
b37f
b3b7
b3d5
b3f3
b3f7
b3f9
b3ff
b513
b51f
b53f
b551
b57f
b5bf
b5d1
b5d3
b5d7
b5f1
b5fb
b5ff
b71d
b7d1
b7f1
b7ff
b917
b91f
b931
b95f
b975
b97d
b993
b9bf
b9dd
b9f0
b9fd
bb11
bb3f
bb7f
bb91
bbfb
bbff
bd07
bd13
bd1f
bd31
bd51
bd55
bd77
bd9f
bdb1
bdd3
bdd7
bddd
bddf
bdf1
bdf9
bdfd
bf11
bf19
bf1d
bf1f
bf3b
bf3f
bf59
bf5f
bf7f
bf99
bfb9
bfbb
bfbf
bfd1
bff5
bff7
bffb
bfff
d051
d111
d115
d119
d11b
d11d
d133
d135
d139
d13d
d13f
d175
d17d
d197
d19b
d1b1
d1b3
d1b9
d1bd
d1bf
d1d1
d1d5
d1f3
d1f7
d1fb
d1ff
d313
d31f
d357
d371
d391
d3d9
d3df
d3f1
d3f5
d3fd
d511
d51d
d559
d57f
d591
d599
d5d7
d5ff
d713
d71d
d71f
d731
d75f
d779
d7d7
d7f1
d911
d931
d9bf
d9d1
d9db
d9dd
d9fb
d9ff
db13
db1f
db31
db3d
db5f
db91
db9f
dbb1
dbd5
dbdf
dbf1
dbf5
dbfd
dd0b
dd11
dd19
dd33
dd35
dd3f
dd59
dd7b
dd7f
ddb1
ddf7
ddff
df17
df39
df57
df5f
df7d
df91
df95
df9b
dfbd
dfdf
dff1
dff3
dff5
dffb
e191
edd1
edf3
ef3d
efd7
f113
f131
f133
f13d
f13f
f151
f155
f157
f15b
f15f
f171
f177
f17d
f199
f1b1
f1b7
f1bf
f1d3
f1d7
f1dd
f1df
f1f1
f1ff
f311
f315
f317
f319
f31d
f331
f335
f33b
f359
f35d
f35f
f37b
f37f
f393
f39f
f3d1
f3d5
f3dd
f3f3
f3f7
f3fb
f3ff
f515
f51b
f51f
f53b
f53f
f553
f555
f55f
f571
f575
f577
f597
f59f
f5b1
f5b3
f5b9
f5bd
f5df
f5f1
f5f5
f5f9
f5fd
f719
f71d
f731
f737
f73f
f755
f759
f77b
f77f
f791
f7b3
f7bf
f7d3
f7dd
f7f3
f7f7
f7fb
f7ff
f913
f91b
f91f
f935
f951
f975
f97b
f97d
f97f
f991
f995
f999
f9b1
f9b9
f9df
f9f1
f9f5
f9f7
f9f9
f9fd
fb11
fb17
fb19
fb1d
fb37
fb3f
fb50
fb5b
fb5d
fb71
fb75
fbb3
fbbf
fbd1
fbd7
fbd9
fbdb
fbdd
fbf3
fbfd
fbff
fd13
fd17
fd1d
fd31
fd39
fd51
fd71
fd7f
fd91
fd9f
fdb7
fdbf
fdd3
fddf
fde7
fdeb
fdf1
fdf5
fdf9
fdfd
fe79
ff11
ff13
ff15
ff19
ff1b
ff1d
ff35
ff37
ff3b
ff3f
ff51
ff53
ff59
ff5d
ff5f
ff73
ff75
ff7b
ff7f
ff91
ff93
ff97
ff9d
ffb1
ffb5
ffb9
ffbb
ffbf
ffd1
ffd5
ffd9
ffdd
fff3
fff7
fffb
ffff
