1046
0517
0519
0737
07f5
091b
0951
09b3
09b9
0b9b
111b
111d
1135
113d
1157
115b
115d
1173
117b
1191
1195
1199
11b1
11b3
11bb
11db
1311
1319
131b
131f
1331
1351
1355
1359
135d
135f
1371
1379
137d
1397
139f
13b3
13b7
13bb
13d7
13fd
1515
153d
155f
1577
157f
1591
1599
15b5
15d3
15f3
15f5
15f9
15fd
1711
1713
1717
171b
171d
1731
1733
1751
175b
175d
1771
1773
177d
177f
1791
1795
1799
179b
179f
17b5
17bf
17d1
17d5
17f3
17f9
17fd
17ff
1911
1917
191d
191f
1939
193f
1953
1971
1995
1999
19b1
19db
19df
19f1
19f5
19f9
19ff
1b11
1b13
1b19
1b1d
1b33
1b3f
1b51
1b5f
1b7b
1b7f
1b91
1b9f
1bb0
1bb3
1bb5
1bb7
1bd1
1bf3
1bf7
1bfb
1bfd
1bff
1d35
1d55
1d5b
1db7
1db9
1ddb
1df9
1dfd
1f39
1f3b
1f51
1f53
1f57
1f59
1f5f
1f71
1f75
1f79
1f7d
1f7f
1f91
1f93
1f97
1f99
1f9b
1fb5
1fbb
1fd1
1fd7
1fd9
1ffb
30b5
3113
3131
3135
3153
3155
3159
315f
3171
317b
3195
31b9
31bf
31d7
31d9
31f3
31f5
31f7
31fd
3311
3317
3339
333f
33bd
33d1
33d3
33d7
33db
33f5
33ff
3509
3511
3515
351b
3531
3533
355f
3591
359b
35d3
35d9
35fd
35ff
3713
371f
373f
3751
377d
3799
37b1
37b7
37d1
37db
37df
37f1
37f5
37fd
3911
391d
391f
3939
3951
3973
399f
39d9
39df
39f7
3b11
3b15
3b1d
3b53
3b5b
3b7b
3bb1
3bff
3d17
3d1f
3d30
3d3b
3d7f
3d97
3d9f
3db1
3dd1
3df3
3df9
3dfd
3f15
3f17
3f1b
3f31
3f3f
3f51
3f53
3f5f
3f71
3f7b
3f9d
3f9f
3fb1
3fbf
3fd3
3fd9
3fdf
3ff1
3ff7
3ff9
3ffb
5075
50d3
5113
5117
511b
513f
5151
5153
515b
515f
517d
5191
5193
519d
519f
51b1
51d1
51dd
51fb
531f
537f
539b
53b0
53b5
53d5
53f1
53f9
53fb
53ff
5509
551d
5551
55f1
55f3
55fb
55ff
5710
5715
573f
5757
5771
579f
57b1
57b5
57f1
57f7
57ff
5911
595f
59d1
59d5
59f3
59fb
5b1f
5b93
5bb1
5bf1
5bf3
5d11
5d17
5d1d
5d5f
5db9
5dbd
5df5
5df9
5dfb
5dff
5e3f
5f13
5f19
5f1b
5f1f
5f31
5f51
5f5b
5f71
5f7d
5f91
5f95
5f99
5f9d
5fb7
5fbb
5fbf
5fdf
5ff1
5ff3
5ff7
5ffb
5ffd
7013
705d
7115
7117
711b
711f
7131
7137
7139
7153
7171
7197
719f
71b1
71b7
71bd
71d5
71db
71df
71f1
71f3
71f9
71fd
71ff
7303
7310
731b
7351
735f
73f1
73f5
73f7
73fd
7511
7513
7517
751d
7531
7571
7577
759f
75d1
75d9
75f7
75ff
7711
771f
773f
7751
7779
77d5
77d9
77df
77f1
77fd
7911
7951
7953
7970
799f
79b3
79bf
79d1
79d5
79ff
7b0b
7b11
7b1d
7b1f
7b5f
7b71
7b79
7bdf
7bf1
7bfd
7d03
7d15
7d1b
7d1f
7d31
7d5d
7d7b
7d9f
7dd1
7df1
7dfd
7f11
7f19
7f1d
7f35
7f3f
7f59
7f5f
7f77
7f7f
7f91
7f9b
7fb3
7fb9
7fbf
7fd1
7fdb
7fdd
7ff3
7ff5
7ff9
7fff
9111
9115
913d
913f
9151
9157
917f
9191
9195
9197
919f
91b1
91b7
91bd
91d9
91db
91df
91f1
91f3
91f7
9311
9313
931f
9331
9339
935b
9397
93d5
93d7
93db
93f7
93ff
9515
951d
955f
959f
95bf
95dd
95f1
95fb
95ff
971b
971f
9731
9753
97bd
97d1
97d9
97f7
97fb
97ff
9913
9917
9971
99b1
99d5
99f1
99f7
99ff
9b0f
9b17
9b39
9bbd
9bd5
9bf1
9d11
9d13
9d17
9d1d
9d35
9d3d
9d3f
9d51
9dd3
9dd7
9ddf
9df3
9df5
9f11
9f19
9f1b
9f1f
9f31
9f3d
9f53
9f59
9f5b
9f5f
9f71
9f7d
9f93
9f9f
9fb1
9fb7
9fbd
9fd7
9ff1
9ff5
9ff9
9ffb
9fff
a31b
b035
b115
b117
b11f
b131
b139
b153
b155
b159
b15f
b171
b17d
b193
b1b1
b1bf
b1d1
b1d3
b1df
b1f1
b1f7
b1f9
b1fd
b311
b317
b37d
b391
b3ff
b51f
b571
b57d
b591
b5dd
b5f1
b5f3
b711
b715
b719
b71b
b71f
b753
b7d1
b7d7
b7db
b7df
b7f5
b7f9
b7ff
b911
b91d
b951
b97d
b9d1
b9d9
b9f3
b9fd
bb1b
bb1f
bb33
bb3b
bb3f
bb99
bb9f
bbb1
bbdf
bbf1
bbf5
bbff
bd15
bd17
bd19
bd1d
bd5f
bd71
bd77
bd95
bd9f
bdb9
bdd3
bddb
bdf1
bdff
bf11
bf13
bf17
bf1f
bf3f
bf51
bf53
bf5d
bf7f
bf91
bf95
bfbb
bfbf
bfd1
bfdf
bff3
bff5
bff9
bffb
bfff
c113
d03b
d151
d157
d15b
d15f
d17b
d17d
d195
d197
d1b9
d1bf
d1d5
d305
d313
d31b
d31f
d335
d35f
d391
d3f1
d3f7
d3fb
d3ff
d509
d511
d51d
d573
d575
d59d
d5b1
d5b5
d5bf
d5db
d5f7
d5fb
d70b
d711
d715
d719
d73f
d757
d77b
d77d
d7fd
d917
d91b
d91f
d95f
d973
d99f
d9d3
d9df
d9f1
d9f7
db15
dbd3
dbd7
dbf7
dbf9
dbff
dd1b
dd33
dd39
dd3f
dd51
dd59
dd95
ddb0
ddb3
ddbb
ddff
de73
df15
df19
df1d
df31
df37
df3f
df53
df59
df5f
df77
df97
df9b
dfb1
dfb5
dfdb
dff1
dff5
dff7
dff9
dffd
e317
e3b1
eb13
ebf5
edd5
ef7d
f115
f117
f11f
f131
f133
f137
f153
f155
f159
f175
f177
f179
f193
f19b
f1b1
f1b7
f1bb
f1d3
f1d9
f1df
f1f1
f1f3
f1f5
f1f9
f1fd
f311
f315
f317
f319
f31d
f33f
f350
f357
f35b
f37b
f391
f3bd
f3bf
f3d1
f3d7
f3dd
f3f9
f3fb
f3ff
f511
f515
f519
f51d
f51f
f531
f537
f53f
f551
f577
f579
f57f
f591
f5b0
f5d1
f5d5
f5df
f5f1
f5f3
f5f7
f5fd
f713
f717
f71f
f731
f73d
f755
f75f
f771
f773
f775
f77d
f797
f79f
f7b1
f7b9
f7bf
f7d7
f7f1
f7f7
f7f9
f7fb
f7ff
f911
f915
f919
f91d
f931
f935
f937
f971
f97d
f991
f99d
f9bf
f9d1
f9f1
f9f3
f9f7
f9fb
f9fd
f9ff
fb11
fb17
fb19
fb1d
fb1f
fb39
fb3b
fb3f
fb51
fb5f
fb71
fb7f
fb91
fb93
fb97
fb9d
fbb1
fbbf
fbd1
fbd9
fbdf
fbf3
fbfb
fbff
fd17
fd3d
fd55
fd5f
fd71
fd75
fd79
fd7b
fd9d
fdb5
fddf
fdf1
fdfb
fdfd
ff17
ff1b
ff33
ff35
ff39
ff3b
ff3f
ff51
ff57
ff5b
ff5d
ff73
ff7f
ff91
ff95
ff99
ff9d
ffb3
ffb9
ffbd
ffbf
ffd1
ffd5
ffd7
ffd9
ffdd
fff3
fff7
fffb
ffff
