1085
0517
0519
059f
0737
07f5
091b
0951
09b3
09b9
0b9b
111b
111d
1135
1157
115d
1173
117b
1195
1199
11bb
1311
1319
131b
131f
1331
1351
1355
1359
135d
135f
1371
1379
137d
1397
139f
13b3
13b7
13bb
13d7
13d9
13fd
1511
1515
153d
1557
155f
1577
157f
1591
1599
15b5
15d3
15f3
15f5
15f9
15fd
1711
1713
1717
171b
1731
1733
1751
175b
175d
1771
1773
177d
177f
1791
1795
1799
179b
179f
17b5
17bf
17d5
17f1
17f3
17f9
17fd
1911
1919
191d
191f
193f
1953
1991
1995
1999
19b1
19bf
19d1
19f3
19f7
19fb
19ff
1b13
1b19
1b1b
1b1f
1b33
1b39
1b3d
1b51
1b5f
1b71
1b7b
1b7d
1b9f
1bb1
1bb3
1bb5
1bb7
1bdb
1bdf
1bf1
1bf7
1bf9
1bfd
1d11
1d15
1d19
1d1d
1d1f
1d35
1d3b
1d3f
1d51
1d55
1d5d
1d7f
1d91
1d99
1d9d
1db9
1dbb
1df3
1dfb
1dfd
1f17
1f1b
1f1f
1f31
1f39
1f3b
1f53
1f57
1f5b
1f5f
1f71
1f75
1f79
1f7d
1f93
1f9b
1fb1
1fb5
1fb9
1fbb
1fbd
1fd1
1fd3
1fd7
1fdb
1fdf
1ff1
1ff5
1ff9
1ffd
30b5
30f9
3113
3117
311f
3131
3135
3153
3155
3159
315f
3171
317b
3195
31b9
31d5
31d7
31d9
31f1
31f3
31f7
31fd
330d
3311
3317
3339
333f
33bd
33d1
33d3
33d7
33db
33f5
33ff
3509
3515
351f
3531
3533
355f
3591
359b
35d3
35d9
35f1
35fd
3713
371f
373f
3751
377d
3799
37b1
37b7
37d1
37db
37dd
37f1
37f5
37fd
37ff
3911
391d
391f
3939
3971
3973
399f
39d9
39df
39f7
3b11
3b15
3b1d
3b53
3b5b
3b7b
3bb1
3bff
3d13
3d17
3d1f
3d30
3d3b
3d71
3d7f
3d97
3d9f
3db1
3dd1
3df3
3df9
3dfd
3f11
3f17
3f19
3f1b
3f1d
3f31
3f3f
3f51
3f53
3f5f
3f7b
3f7f
3f91
3f9d
3fbf
3fd3
3fd9
3fdf
3ff1
3ff5
3ff7
3ffb
3fff
5075
50d3
5111
5113
5117
5119
511d
513f
5151
5153
515b
515f
517f
5191
5193
519d
519f
51b1
51d1
51dd
51fb
5311
5315
531f
537f
539b
53b0
53b5
53d1
53d5
53f9
53fb
53ff
5509
5517
551b
551d
5551
55f1
55f3
55fb
55ff
5710
5715
573b
573f
5757
5771
579f
57b1
57b5
57f1
57f7
57ff
5909
5911
595f
59d1
59d5
59f3
59fb
5b1f
5b93
5bb1
5bf1
5bf3
5bfd
5d11
5d13
5d17
5d1d
5d53
5d5f
5d91
5db9
5dbd
5df5
5dfb
5dff
5e3f
5f15
5f1f
5f51
5f5b
5f71
5f7d
5f93
5f95
5f99
5f9f
5fb1
5fb7
5fbb
5fbf
5fdf
5ff1
5ff3
5ff7
5ff9
5ffb
5ffd
6dd1
7013
705d
7115
7117
7137
7139
7153
7171
7197
719f
71b1
71b7
71bd
71d5
71db
71df
71f1
71f3
71f9
71fd
71ff
7303
7311
7317
731b
7351
735f
7371
73d1
73f5
73f7
73fd
7513
751f
7531
7571
7577
759f
75b1
75d9
75dd
75f1
75f7
75ff
7711
771f
773f
7751
7779
77d5
77d9
77dd
77ff
7911
7951
7953
7959
795d
7970
799f
79b3
79bf
79d1
79d5
79fd
79ff
7b0b
7b11
7b1d
7b1f
7b5f
7b71
7b79
7bdf
7bf1
7bfd
7d03
7d15
7d1b
7d1f
7d31
7d5d
7d7b
7d9f
7db1
7db7
7df1
7dfd
7f11
7f19
7f1d
7f1f
7f35
7f3f
7f59
7f5f
7f77
7f7f
7f91
7f9b
7fb3
7fb9
7fbf
7fd1
7fdb
7fdd
7ff5
7ff9
7fff
903b
9111
9115
913d
9157
9171
917f
9195
9197
919d
919f
91b1
91b7
91d9
91db
91f3
91f7
9313
931f
9331
9337
9339
935b
9397
93b9
93d5
93d7
93db
93df
93f1
93f3
93f7
9511
9515
9517
951d
955f
959f
95bf
95d1
95dd
95fb
95ff
9717
971b
971f
9731
9753
97bd
97d9
97df
97f1
97f7
97fb
9913
9915
9971
99b1
99d1
99d5
99f7
99ff
9b0f
9b17
9b39
9bbd
9bd5
9bf1
9d11
9d13
9d1f
9d35
9d3d
9d3f
9dbf
9dd3
9dd7
9ddf
9df3
9df5
9f11
9f17
9f19
9f1b
9f3f
9f51
9f53
9f59
9f5b
9f71
9f7d
9f93
9f9f
9fb7
9fbd
9fd1
9fd7
9fdf
9ff3
9ff5
9ff9
9ffb
b035
b113
b115
b117
b11b
b11f
b131
b139
b153
b155
b159
b15f
b171
b17d
b191
b193
b1b1
b1bf
b1d1
b1d3
b1df
b1f1
b1f7
b1f9
b1fd
b311
b317
b31b
b37d
b391
b3ff
b51f
b571
b57d
b591
b5dd
b5f1
b5f3
b711
b715
b719
b71b
b71f
b753
b7d1
b7d7
b7db
b7df
b7f5
b7f9
b7ff
b911
b91d
b91f
b951
b97d
b9d1
b9d9
b9f3
b9fd
bb1b
bb1d
bb1f
bb33
bb3b
bb3f
bb99
bb9f
bbb1
bbdf
bbf1
bbf5
bbff
bd15
bd17
bd19
bd1f
bd5f
bd71
bd77
bd95
bd9f
bdb9
bddb
bdf1
bdf3
bdf9
bdff
bf11
bf13
bf1d
bf31
bf3f
bf51
bf53
bf5d
bf7f
bf91
bfb5
bfbb
bfbf
bfd1
bfdf
bff5
bff7
bffb
bfff
d03b
d151
d157
d15b
d15f
d17f
d195
d197
d1b9
d1bf
d1d5
d1f7
d305
d313
d31b
d31f
d335
d35f
d391
d3f7
d3fb
d3ff
d509
d511
d51d
d573
d575
d59d
d5b1
d5b5
d5bf
d5db
d5f7
d5fb
d70b
d715
d719
d73f
d757
d77d
d79f
d7f1
d7fd
d917
d91b
d91f
d95f
d973
d99f
d9d3
d9df
d9f9
db15
db53
db71
dbd3
dbd7
dbf7
dbf9
dbff
dd1b
dd39
dd3f
dd51
dd59
dd73
dd95
ddb0
ddb3
ddbb
ddff
def7
df13
df15
df17
df19
df1b
df1d
df1f
df31
df33
df37
df3d
df53
df59
df5f
df71
df77
df79
df7d
df93
df97
df9b
df9f
dfb1
dfb5
dff1
dff3
dff5
dff9
dffd
eb13
efdb
f117
f131
f133
f137
f153
f155
f159
f173
f175
f177
f179
f17b
f193
f19b
f1b5
f1b7
f1bb
f1d9
f1f3
f311
f317
f319
f33f
f357
f35b
f35f
f39b
f3b1
f3bd
f3d7
f3f9
f3fb
f3ff
f515
f51b
f51f
f531
f537
f53f
f551
f577
f579
f57f
f591
f5bf
f5d5
f5df
f5f1
f5f3
f5f7
f5fd
f711
f713
f717
f71d
f71f
f731
f73d
f755
f75f
f771
f773
f775
f77b
f797
f79d
f7b1
f7b9
f7bf
f7d1
f7d7
f7f1
f7f7
f7f9
f7fb
f7ff
f911
f915
f919
f91d
f931
f935
f937
f971
f97d
f9b1
f9b5
f9bd
f9d0
f9f1
f9f3
f9f7
f9fb
f9fd
f9ff
fb11
fb17
fb19
fb1d
fb1f
fb3b
fb3f
fb51
fb5f
fb7f
fb91
fb93
fb97
fb9d
fbbf
fbd1
fbd9
fbdf
fbf1
fbf3
fbf5
fbfb
fbff
fd11
fd13
fd17
fd1b
fd1f
fd31
fd39
fd3d
fd57
fd5f
fd71
fd75
fd79
fd7b
fd7d
fd9b
fd9f
fdb1
fdb5
fdd5
fddf
fdf1
fdf3
fdf5
fdf9
fdfb
fdfd
ff11
ff15
ff19
ff1d
ff33
ff35
ff3b
ff3f
ff51
ff57
ff59
ff5b
ff5d
ff73
ff7f
ff91
ff95
ff99
ff9d
ffb3
ffb9
ffbd
ffbf
ffd1
ffd3
ffd5
ffd7
ffd9
ffdd
fff3
fff7
fffb
ffff
