871
0173
0179
0195
0397
03f9
071b
0771
0777
077d
07d3
093b
0971
0b53
0b57
0b5d
0bd3
105b
1099
1117
1131
1133
1135
1139
113b
1153
1157
115d
1171
117b
117f
1193
119d
11b5
11bf
11d3
11dd
11f9
1317
133f
1379
137b
1391
139d
139f
13bb
13d1
13d5
13f7
13fb
13ff
1515
1517
1537
153d
1551
155d
155f
1571
157b
157f
1597
15b1
15b5
15bb
15bf
15d9
15dd
15df
15f1
15f7
1711
171d
1731
173f
175b
1779
17b1
17d1
17f1
17f3
17f5
17f9
17fb
17fd
1911
1913
1919
191b
191f
1931
1977
197d
1993
1999
199f
19b1
19b3
19bf
19d1
19d3
19f5
19ff
1b13
1b15
1b17
1b1f
1b39
1b3b
1b3f
1b51
1b5b
1b5f
1b7b
1b91
1b97
1b9d
1bbf
1bf1
1bf9
1bfd
1bff
1d11
1d13
1d17
1d19
1d1b
1d1f
1d31
1d35
1d3d
1d5d
1d5f
1d71
1d75
1d7b
1d7d
1d9d
1d9f
1db1
1db9
1dd1
1dd3
1ddf
1df1
1df5
1df9
1dfd
1f11
1f15
1f19
1f1d
1f33
1f37
1f3b
1f3f
1f51
1f55
1f59
1f5d
1f77
1f7f
1f91
1f95
1f9d
1fb3
1fbb
1fbf
1fd1
1fd3
1fd7
1fd9
1fdd
1ff3
1ff7
1ffb
1fff
30d1
3111
3113
3115
3119
311d
3131
3139
313f
317f
3197
319b
31b1
31d9
31f3
31f7
31fb
31ff
331b
331f
3353
33bf
33f1
33f5
33ff
351f
3531
3571
3591
35df
35f1
35fd
371f
3737
3770
3777
3791
379b
37db
37f0
37fd
393f
397f
3990
39b1
39ff
3b11
3b31
3b7f
3b9f
3bfd
3d37
3d3f
3d51
3d71
3d77
3d95
3dbf
3df1
3dff
3f11
3f17
3f1f
3f31
3f51
3f5f
3f7f
3f91
3f93
3f97
3fb5
3fbb
3fbf
3ff1
3ff9
3fff
50f3
5109
5111
5115
511d
511f
5133
5159
5175
517d
5191
519f
51bd
51d1
51db
51df
51f1
51f7
51fd
5311
531b
5351
535d
53ff
5513
551f
5531
553d
55bd
55dd
55f1
55f3
55f7
55f9
5711
575d
5771
57d3
57d9
57f5
57fb
57ff
593d
595b
59bd
59d9
59ff
5b19
5b1f
5b55
5bd9
5bf7
5bff
5d11
5d1b
5d1f
5d3d
5d3f
5d73
5d95
5d99
5d9f
5dd3
5df5
5f15
5f17
5f1d
5f1f
5f39
5f53
5f57
5f5f
5f71
5fb1
5fb3
5fbd
5fdf
5ff1
5ff7
5ff9
5ffb
5fff
70b1
70fb
7111
7115
7119
711b
711f
713f
715b
717f
719b
71bf
71d1
71d7
71dd
71f3
71f5
71f9
71ff
7317
731d
7370
7373
73b1
73f1
73fb
750d
7511
7519
751f
7551
755f
75b7
75bb
75ff
7711
7730
7751
7791
77f1
77f3
77f9
77ff
7919
791f
7931
7971
7991
7997
799f
79b1
79db
79f1
79f5
7b10
7b50
7bf9
7d13
7d33
7d7f
7df1
7dfd
7f11
7f15
7f19
7f1f
7f31
7f55
7f5f
7f71
7f77
7f7d
7f97
7f9b
7f9f
7fbd
7fdf
7ff1
7ff3
7ff7
7fff
907d
9111
9113
9117
911b
911f
9137
913f
9151
9155
9175
917f
9195
91b1
91b3
91df
91f1
91f7
91fb
91ff
937d
9391
93d1
93f3
9513
9571
959f
95f1
95f5
971b
971d
971f
9739
975d
979d
97bf
97d3
97ff
991f
9975
99f1
99fb
9b1d
9b59
9b91
9bb7
9bf1
9bf5
9bfb
9bff
9d19
9d1f
9d31
9d33
9d51
9d7d
9db3
9df1
9dfb
9f11
9f15
9f1b
9f1d
9f33
9f3f
9f51
9f55
9f5d
9f71
9f9f
9fb7
9fbf
9fdb
9ff3
9ff5
9ffd
9fff
b03d
b111
b115
b11d
b131
b151
b15f
b179
b191
b19f
b1b7
b1d1
b1d5
b1d9
b1dd
b1f7
b1ff
b313
b31b
b31f
b331
b35f
b373
b3b7
b3d5
b3f1
b3f5
b3f7
b3f9
b3fd
b511
b531
b53f
b57f
b5bf
b5d1
b5d3
b5d7
b5db
b5ff
b71d
b7d1
b7f1
b7ff
b911
b91f
b931
b95f
b975
b97d
b993
b9bf
b9dd
b9fd
b9ff
bb3f
bb7f
bb91
bd07
bd11
bd13
bd1f
bd51
bd55
bd77
bd9f
bdb1
bdd1
bdd3
bddd
bddf
bdf9
bf11
bf17
bf19
bf1b
bf1f
bf31
bf39
bf59
bf5f
bf7f
bf99
bfb9
bfbb
bfbf
bfd5
bfdf
bff1
bffb
bffd
d117
d11f
d133
d135
d139
d13d
d15f
d171
d17d
d19b
d19f
d1b1
d1b3
d1b9
d1bd
d1d7
d1db
d1df
d1f1
d1f5
d1f9
d1fd
d311
d315
d31d
d357
d371
d37f
d391
d3d1
d3d5
d3dd
d3ff
d513
d559
d599
d5d7
d711
d71d
d731
d73f
d75f
d779
d7bf
d7f1
d7f7
d913
d91f
d931
d9db
d9dd
d9df
d9fb
db11
db1f
db3d
db5f
db9f
dbb1
dbf1
dbf5
dbfd
dd13
dd31
dd35
dd3d
dd59
dd5f
dd71
dd7d
ddf1
ddf7
ddff
df19
df39
df3f
df51
df57
df7f
df91
df9b
dfb5
dfbf
dfd1
dfdd
dff3
dff5
dff7
dffb
dfff
edfd
ef1d
f113
f115
f131
f13d
f13f
f151
f153
f155
f157
f15b
f175
f177
f17f
f191
f193
f199
f19d
f1b1
f1b7
f1bf
f1d5
f1dd
f1f7
f317
f31b
f331
f335
f33b
f359
f35f
f371
f39f
f3d7
f3df
f3f1
f3f5
f3fb
f3fd
f511
f515
f51d
f53b
f53f
f553
f555
f55f
f575
f577
f57f
f591
f597
f59f
f5b1
f5b9
f5bd
f5df
f5f1
f5f5
f5f9
f5fd
f701
f713
f715
f719
f71f
f731
f755
f759
f77b
f77f
f791
f7b3
f7dd
f7df
f7f3
f7fb
f7ff
f911
f917
f91b
f91d
f935
f951
f97b
f97f
f991
f995
f9b9
f9bf
f9d1
f9f1
f9f3
f9f5
f9f7
f9f9
f9ff
fb11
fb17
fb19
fb1b
fb1f
fb31
fb37
fb5b
fb5f
fb75
fb91
fbb1
fbbd
fbd5
fbd9
fbdb
fbdf
fbf1
fbfd
fd11
fd17
fd19
fd1d
fd35
fd3f
fd51
fd7f
fd91
fd97
fd9f
fdb7
fdbf
fdd1
fdd9
fdf3
fdf7
fdfb
fdff
ff11
ff13
ff15
ff17
ff1b
ff1f
ff31
ff39
ff3b
ff3d
ff53
ff59
ff5d
ff5f
ff71
ff73
ff7b
ff7d
ff93
ff95
ff9b
ff9d
ff9f
ffb1
ffb9
ffbd
ffd3
ffd7
ffdb
ffdf
fff1
fff5
fff9
fffd
