749
0173
0179
0195
033f
035f
0371
0397
077d
093b
0b53
0b57
0bd3
0bd9
0f73
105b
1099
10d7
1117
111b
111f
1133
1135
1139
113b
1153
1157
1171
117b
1193
1197
119d
11b5
11bf
11d3
11db
11dd
11f1
11f5
11f9
11fd
1311
1317
131d
1379
1391
139d
139f
13d1
13d3
13f5
13f9
13fb
13ff
1501
1517
151d
151f
1537
153d
153f
1551
155f
1571
157b
157f
1597
15bf
15d1
15d9
15f7
15ff
1711
1715
171b
1731
175b
1777
1779
179f
17b1
17d1
17d3
17f3
17f5
17f9
17ff
1911
1913
1919
191b
191f
1931
197d
1993
1999
19b1
19b3
19bd
19f1
19f5
19ff
1b11
1b13
1b17
1b1d
1b39
1b3b
1b3f
1b51
1b5b
1b5f
1b7b
1b97
1b9d
1bbf
1bd1
1bf9
1bfd
1bff
1d13
1d15
1d17
1d1b
1d1f
1d31
1d37
1d3d
1d5d
1d5f
1d71
1d75
1d7b
1d9f
1db1
1db9
1dd3
1ddf
1df1
1df5
1df9
1dfd
1f11
1f15
1f19
1f1d
1f31
1f33
1f39
1f3b
1f3f
1f51
1f55
1f5d
1f77
1f7f
1f91
1f95
1f9d
1fb3
1fbb
1fbf
1fd1
1fd3
1fd9
1fdd
1ff3
1ff7
1ffb
1fff
3111
3113
3115
3119
311d
3131
3139
313f
317f
319b
31b1
31d9
31f3
31f7
31fb
31ff
331f
3353
33bf
33f1
33f5
33fd
351d
3531
3571
3591
35df
35f1
35fb
371f
3770
3777
3791
379b
37db
37fd
37ff
393f
397f
39b1
39ff
3b11
3b31
3b7d
3bf1
3bff
3d0f
3d37
3d51
3d77
3d95
3dbf
3f11
3f17
3f1f
3f3f
3f51
3f5f
3f7f
3f91
3f93
3fbb
3fbf
3ff1
3ff9
3fff
50f3
5109
5115
511b
511d
511f
5133
5159
517d
5191
519d
51bd
51d1
51df
51f1
51f7
51fd
5311
5351
535d
53ff
5513
551f
5531
55bd
55f3
55f7
5705
5711
575d
57d3
57d9
57fb
591f
593d
59bd
59d9
59ff
5bd9
5bf7
5d11
5d15
5d1b
5d1f
5d99
5df5
5f11
5f17
5f1d
5f39
5f53
5f5f
5f71
5f9f
5fb1
5fb3
5fd9
5fdf
5ff1
5ff7
5ffb
5fff
70b1
70dd
70fb
7111
7115
7117
711b
711f
713d
715f
719b
71bf
71d1
71d7
71f3
71f5
71f9
71ff
731d
7370
7373
73b1
73f1
73fb
750d
7519
751f
7551
755f
75f1
7711
7751
7791
77f9
77ff
7901
7919
791f
7931
7971
7991
799f
79b1
79f5
7b1f
7b50
7bfb
7d11
7d5f
7d71
7d7d
7dd1
7dfd
7f05
7f13
7f19
7f1f
7f31
7f51
7f55
7f77
7f7f
7f9b
7fdf
7ff1
7ff3
7fff
907d
90b3
90fd
9113
9119
911b
911f
9137
913f
9151
9155
9195
919f
91b1
91df
91f1
91f7
91fb
91ff
9391
93d1
93f5
9513
959f
95f1
971b
971d
9739
975d
979d
97bf
97f3
9975
99f1
99ff
9b1f
9b91
9bf1
9d11
9d19
9d1f
9d33
9d51
9d5d
9d7d
9db3
9df0
9dfb
9f11
9f15
9f1b
9f1d
9f33
9f5f
9f71
9f7f
9f9f
9fdb
9fdf
9ff3
9ff5
9fff
b03d
b111
b115
b11d
b131
b151
b159
b17f
b191
b1d1
b1d5
b1dd
b1f7
b1f9
b1ff
b31b
b331
b373
b37f
b3b7
b3d5
b3f1
b3f3
b3f7
b3f9
b3ff
b513
b51f
b531
b5bf
b5d1
b5d3
b5d7
b5db
b5ff
b71d
b7d1
b7f1
b911
b91f
b931
b95f
b975
b97d
b9bf
b9dd
b9fd
b9ff
bb11
bb3f
bb7f
bb91
bd03
bd07
bd1f
bd31
bd77
bd9f
bdd3
bddd
bddf
bdf1
bdf9
bf11
bf17
bf19
bf1b
bf1f
bf39
bf59
bf5f
bf99
bfbb
bfbf
bff1
bffb
bffd
d113
d119
d11b
d11f
d133
d135
d15b
d15d
d17f
d19b
d1b1
d1b3
d1b9
d1bd
d1df
d1f1
d1f5
d1fb
d1ff
d311
d313
d31d
d357
d371
d391
d3d1
d3dd
d3f5
d3ff
d559
d599
d5f9
d711
d71d
d73f
d75d
d779
d7bf
d7f1
d7f7
d7ff
d913
d91f
d931
d991
db13
db1f
db3d
db9f
dbb1
dbf1
dbf5
dbfd
dd11
dd59
ddff
df11
df19
df1d
df39
df3f
df57
df7d
df91
df9b
df9f
dfb5
dfdd
dff1
dff3
dff5
dff7
dffb
dfff
f055
f111
f115
f119
f11d
f11f
f131
f13d
f13f
f153
f157
f15f
f171
f175
f177
f17d
f17f
f191
f193
f199
f19d
f1b7
f1bf
f1d1
f1d5
f1d9
f1dd
f1f3
f1f7
f1fb
f1ff
f315
f317
f31b
f331
f339
f33b
f351
f39f
f3d5
f3d7
f3df
f3f1
f3f3
f513
f515
f51d
f535
f53b
f53f
f553
f55f
f571
f575
f577
f597
f59f
f5b1
f5b9
f5bd
f5dd
f5f1
f5f5
f5ff
f717
f719
f71f
f731
f755
f759
f77b
f77f
f7b3
f7df
f7f1
f7f3
f7fb
f7fd
f911
f919
f91b
f91d
f951
f97b
f97f
f995
f9b1
f9b9
f9d1
f9df
f9f3
f9f5
f9f7
f9fb
f9ff
fb15
fb19
fb1b
fb1f
fb5b
fb5f
fb75
fb91
fbbf
fbd5
fbdb
fbdd
fbdf
fbf1
fd11
fd17
fd19
fd1d
fd31
fd35
fd3f
fd51
fd91
fd97
fd9d
fdb7
fdbf
fdd1
fdd9
fdf3
fdf7
fdfb
fdff
ff13
ff15
ff17
ff1b
ff1f
ff39
ff3b
ff3d
ff51
ff53
ff59
ff5d
ff71
ff75
ff7b
ff93
ff9b
ff9f
ffb1
ffb9
ffbd
ffd1
ffd7
ffdb
ffdf
fff1
fff5
fff9
fffd
