1123
0519
0737
07f5
091b
09b3
09b9
0b9b
1133
1135
1157
115d
1173
1179
117b
1195
1199
11bb
1319
131b
1331
133f
1351
1355
1359
135d
1371
1377
137b
137f
1399
13b1
13b7
13bb
13bf
13d3
13d9
13fd
1511
1515
153d
1557
155f
157f
1591
1597
159b
159f
15b1
15b5
15d3
15f3
15f9
15fd
1711
1713
1717
171b
1731
1733
1751
175b
175d
1773
177d
177f
1791
1795
1799
179b
179f
17b5
17bf
17d5
17f1
17f3
17f9
17fd
17ff
1911
1919
191d
191f
1933
193f
1953
1955
1991
1995
1999
19b1
19bf
19d1
19f3
19f7
19fb
19ff
1b13
1b19
1b33
1b39
1b3f
1b51
1b5f
1b71
1b7b
1b9f
1bb1
1bb3
1bb5
1bb9
1bbd
1bd7
1bdb
1bdf
1bf1
1bf7
1bf9
1bfd
1d11
1d15
1d19
1d1d
1d35
1d37
1d3b
1d3f
1d51
1d55
1d5d
1d7d
1d7f
1d91
1d99
1d9d
1db9
1dbb
1df3
1dfb
1dfd
1f13
1f39
1f3b
1f53
1f57
1f5f
1f71
1f75
1f79
1f7d
1f93
1f9b
1fb1
1fb5
1fb9
1fbb
1fbd
1fbf
1fd1
1fd3
1fd7
1fdb
1fdf
1ff1
1ff5
1ff9
1ffd
25f1
30b5
3113
3119
311b
311f
3131
3135
3153
3155
3159
315f
3171
317b
3195
31b9
31d5
31d9
31f1
31f3
31f7
31fd
330d
3311
3317
3339
333f
33bd
33d1
33d3
33d7
33db
33f5
33ff
3509
3511
3515
3531
3533
355f
3591
359b
35d3
35d9
35fd
35ff
3713
371f
373f
3751
377d
3799
37b1
37b7
37d1
37db
37df
37f1
37f5
37fd
3911
391d
391f
3939
3971
3973
399f
39d9
39df
39f7
3b11
3b15
3b1d
3b53
3b5b
3b7b
3bb1
3bff
3d13
3d17
3d1b
3d1f
3d30
3d3b
3d7f
3d97
3d9f
3db1
3dd1
3df3
3dfb
3dfd
3f11
3f17
3f19
3f1d
3f31
3f3f
3f51
3f53
3f5f
3f71
3f7b
3f7f
3f91
3f9d
3fbf
3fd3
3fd7
3fd9
3fdf
3ff1
3ff5
3ff9
3ffb
3fff
5075
50d3
5111
5113
5117
5119
511d
513f
5151
5153
515b
515f
517f
5191
5193
519d
519f
51b1
51d1
51d7
51dd
51fb
5311
5315
531f
537f
539b
53b0
53b5
53d1
53d5
53f9
53fb
53ff
5509
5517
551b
551d
5551
55f1
55f3
55fb
55ff
5711
5715
5731
573b
573f
5757
5771
579f
57b1
57b5
57f1
57f7
57ff
5909
5911
595f
59d1
59d5
59f3
59fb
5b1f
5b90
5b93
5bb1
5bbd
5bf1
5bf3
5bfb
5bfd
5d11
5d13
5d17
5d1d
5d53
5d5f
5db9
5dbd
5df5
5dff
5e3f
5f15
5f39
5f51
5f5b
5f7d
5f91
5f93
5f95
5f99
5f9f
5fb1
5fb7
5fbb
5fbf
5fdf
5ff1
5ff3
5ff7
5ff9
5ffb
5ffd
7115
7117
711b
711f
7137
7139
7153
715d
7171
7197
719f
71b1
71b7
71bd
71d5
71db
71df
71f1
71f3
71f9
71fd
71ff
7303
7311
7317
731b
7351
735f
7371
73d1
73f5
73f7
73fd
7513
751f
7531
7571
7577
759f
75b1
75d9
75dd
75f1
75f7
75ff
7711
771f
773f
7751
7779
77d5
77d9
77dd
77ff
7911
7951
7953
7959
795d
7970
799f
79b3
79bf
79d1
79d5
79fd
79ff
7b0b
7b11
7b1d
7b1f
7b5f
7b71
7b79
7bdf
7bf1
7bfd
7d03
7d15
7d1b
7d1f
7d31
7d5d
7d7b
7d9f
7db1
7db7
7df1
7dfd
7f11
7f13
7f19
7f1d
7f35
7f3f
7f59
7f5f
7f71
7f77
7f7f
7f91
7f9b
7fb3
7fb9
7fbf
7fd1
7fdb
7fdd
7ff5
7ff9
7fff
903b
90f5
9113
9119
913d
913f
9157
915d
9171
917f
9195
9197
919d
919f
91b1
91b7
91d1
91d9
91db
91f1
91f3
91f7
9313
931b
931f
9331
9337
9339
935b
9397
93b9
93d7
93db
93df
93f1
93f3
93f5
93f7
9511
9515
9517
951d
955f
9575
959f
95d1
95dd
95fb
95ff
9717
971b
971f
9731
9753
97bd
97d5
97d9
97df
97f1
97f7
97fb
9913
9915
9971
99b1
99d1
99d5
99f7
99ff
9b0f
9b17
9b39
9b3d
9bbd
9bd5
9bf1
9d11
9d13
9d1f
9d35
9d3d
9d3f
9dbf
9dd3
9dd7
9ddf
9df3
9df5
9f11
9f15
9f17
9f1b
9f3f
9f51
9f53
9f59
9f5b
9f71
9f7d
9f93
9f9b
9f9f
9fb7
9fbd
9fd1
9fdf
9ff3
9ff7
9ff9
9ffb
b035
b115
b117
b11b
b11f
b131
b139
b151
b153
b159
b15f
b171
b175
b17d
b191
b193
b1b1
b1bf
b1d1
b1d3
b1df
b1f1
b1f7
b1f9
b1fd
b311
b317
b33b
b37d
b391
b3f9
b3ff
b51f
b53f
b571
b57d
b591
b595
b5bf
b5dd
b5f1
b5f3
b711
b715
b719
b71b
b71f
b753
b77f
b7d1
b7d7
b7db
b7df
b7f5
b7f9
b7ff
b911
b91d
b91f
b951
b97d
b9d1
b9d9
b9f3
b9fd
bb1b
bb1d
bb1f
bb33
bb3b
bb3f
bb99
bb9f
bbb1
bbdf
bbf1
bbf5
bbff
bd11
bd15
bd17
bd19
bd1d
bd5f
bd71
bd77
bd95
bd9b
bd9f
bdb9
bdd7
bddb
bdf1
bdf3
bdf9
bdff
bf11
bf13
bf19
bf1f
bf31
bf3f
bf51
bf53
bf5d
bf7f
bf91
bfb5
bfbf
bfd1
bfdf
bff5
bff7
bffb
bfff
c113
d03b
d157
d15b
d15f
d179
d17f
d195
d197
d1b9
d1bf
d1d1
d1d5
d1dd
d1f3
d1f7
d1fb
d1ff
d305
d313
d317
d31b
d31f
d335
d35f
d391
d3d7
d3f1
d3fb
d3fd
d509
d511
d51d
d573
d575
d59d
d59f
d5b1
d5b5
d5db
d5f7
d5fb
d5ff
d70b
d715
d73f
d757
d771
d777
d77d
d79f
d7bd
d7f1
d7fd
d913
d917
d91b
d91f
d93f
d95f
d973
d999
d99f
d9d3
d9df
d9f9
db13
db15
db53
db71
dbd3
dbd7
dbf1
dbf7
dbf9
dbff
dd11
dd19
dd1b
dd1d
dd39
dd3f
dd51
dd59
dd73
dd7f
dd91
dd95
ddb0
ddb3
ddbb
ddf7
ddff
df15
df31
df33
df37
df3f
df53
df59
df5f
df77
df97
dfb5
dfbb
dff3
dff5
dff9
ef7d
efdb
f117
f131
f133
f137
f153
f155
f159
f175
f177
f17b
f191
f19b
f1b1
f1b5
f1b7
f1bb
f1d3
f1d9
f1db
f1df
f1f1
f1f3
f311
f315
f319
f33f
f357
f35b
f37f
f39b
f39f
f3b1
f3bd
f3d1
f3d7
f3dd
f3fb
f3ff
f515
f517
f51f
f531
f537
f53f
f551
f577
f579
f57f
f591
f5bf
f5d5
f5f1
f5f3
f5f7
f5fd
f711
f713
f717
f719
f71f
f731
f73d
f755
f75f
f773
f775
f77b
f791
f797
f79d
f7b1
f7b9
f7bf
f7d1
f7d7
f7f1
f7f7
f7f9
f7fb
f7ff
f911
f915
f919
f91d
f931
f935
f937
f951
f971
f97d
f9b1
f9b5
f9bd
f9f3
f9f7
f9fb
f9fd
f9ff
fb17
fb19
fb1f
fb3b
fb51
fb5f
fb7f
fb93
fb97
fb9f
fbb1
fbbf
fbd9
fbdf
fbf3
fbf5
fbfb
fbff
fd13
fd17
fd1b
fd1f
fd31
fd39
fd3d
fd3f
fd57
fd5f
fd71
fd75
fd79
fd7b
fd7d
fd91
fd99
fd9b
fd9f
fdb1
fdb5
fdbd
fdd5
fddf
fdf1
fdf3
fdf5
fdf9
fdfb
fdfd
ff11
ff15
ff19
ff1b
ff1d
ff33
ff35
ff3b
ff57
ff59
ff5b
ff79
ff91
ff95
ff97
ff9b
ff9d
ffb3
ffb9
ffbd
ffbf
ffd1
ffd3
ffd5
ffd7
ffd9
ffdd
fff3
fff7
fffb
ffff
