1267
0395
053b
09b9
0b9b
1117
1133
1135
1151
1155
1159
115d
1173
1177
1179
117b
117f
1191
1195
1199
119d
1319
131b
1339
133f
1351
1355
1359
135d
135f
1371
1377
137d
1399
13b7
13bb
13d7
13d9
13fd
1511
1515
1519
151d
153f
1551
1553
1557
155d
1571
157f
1591
1597
159b
159f
15b5
15b9
15bd
15f5
15f7
15f9
1717
171b
171f
1731
1733
1737
173d
175b
175d
177f
1791
1795
1799
179b
179f
17b1
17b5
17bd
17d3
17df
17f1
17f5
17f9
17fd
1911
1917
191d
1933
1937
193f
1951
1953
1955
195d
1971
1973
197d
1991
1995
1999
19b3
19bf
19d1
19d5
19db
19f3
19f7
19f9
19ff
1b13
1b19
1b33
1b39
1b3f
1b5f
1b75
1b7b
1b9f
1bb1
1bb3
1bb5
1bbb
1bbd
1bd3
1bd7
1bdf
1bf1
1bf5
1bf9
1bfb
1bfd
1d1b
1d35
1d37
1d55
1d5b
1d5d
1d73
1d77
1d7d
1d93
1db9
1dbf
1dd1
1dd5
1dd9
1ddb
1ddd
1df3
1df7
1dfb
1dff
1f39
1f3b
1f53
1f57
1f5b
1f5f
1f71
1f75
1f79
1f7d
1f93
1f99
1f9b
1f9f
1fb1
1fb5
1fb9
1fbb
1fbd
1fd1
1fd3
1fd7
1fdb
1fdf
1ff1
1ff5
1ff9
1ffd
3059
3077
30b5
3115
3119
3135
3153
3155
315b
315f
317d
3195
3199
31b7
31d9
31df
31f1
31f3
31f5
31f7
31fd
3311
3317
331d
3339
333f
3355
3390
33bf
33d1
33d7
33db
33f3
33f5
33ff
3515
3519
351f
3531
3533
357f
3591
359b
35d3
35d9
35f1
35fd
3711
371d
373f
3751
377d
3799
37b1
37b7
37d1
37dd
37f1
37f5
37fb
37fd
37ff
3911
3913
391d
391f
3939
3951
3959
3973
399b
399f
39b1
39bf
39df
39f7
39f9
3b11
3b15
3b55
3b5b
3b7b
3bd1
3d17
3d30
3d3b
3d7f
3db1
3dd1
3df3
3dfd
3f11
3f13
3f15
3f17
3f1b
3f1d
3f31
3f3f
3f51
3f53
3f55
3f5f
3f71
3f75
3f7b
3f7f
3f91
3f97
3f9d
3fb9
3fbb
3fbf
3fd3
3fdf
3ff1
3ff7
3ff9
3ffb
3fff
505f
5075
5111
5113
5115
5117
5119
511d
5131
513f
5151
5153
515b
5171
517f
5191
5193
519d
519f
51b1
51b9
51d1
51d3
51d7
51dd
51fb
51ff
5309
5315
5353
5379
537f
53b1
53b5
53d5
5509
5517
551b
551d
5551
55dd
55f3
55fb
55ff
5711
5715
573b
573f
5757
5771
579f
57b1
57b5
57f1
57f7
57ff
5909
5911
5931
595f
59b7
59d1
59d5
59f3
59fb
5b11
5b15
5b1f
5b3d
5b7f
5b90
5b93
5bb1
5bbd
5bf1
5bf5
5bfb
5bfd
5d11
5d17
5d1d
5d3f
5d53
5d79
5d91
5d9f
5db3
5db9
5dbd
5dd1
5df5
5df9
5dff
5f11
5f13
5f19
5f1b
5f1f
5f39
5f51
5f71
5f7b
5f7f
5f93
5f95
5f99
5f9f
5fb1
5fb7
5fbb
5fbf
5fd9
5fdf
5ff1
5ff3
5ff7
5ffb
5ffd
7113
7117
711b
711f
7131
7133
7137
7139
713d
7153
715d
715f
7171
7197
719f
71b1
71b7
71bd
71d5
71db
71df
71f1
71f3
71f5
71f9
71fd
7303
7311
7317
7319
731b
733b
7351
7355
735f
7371
737b
7391
7395
739b
73b7
73d1
73dd
73f5
73f7
73f9
73fb
73ff
7513
751f
7531
7571
7577
759f
75b1
75d9
75df
75f1
75f7
75fd
7711
771d
773f
7779
77d1
77d9
77dd
77f5
77f7
77ff
791d
791f
7951
7953
7959
795d
7970
799f
79b3
79bf
79d5
79df
79f1
79fd
7b0b
7b11
7b13
7b17
7b1d
7b5f
7b71
7b79
7b99
7bf3
7bf7
7bfd
7bff
7d13
7d15
7d19
7d1b
7d1f
7d53
7d57
7d5d
7d77
7d7b
7d9f
7db1
7db7
7ddf
7df1
7dfd
7f11
7f15
7f19
7f1d
7f31
7f33
7f35
7f3f
7f51
7f5b
7f5f
7f79
7f7f
7f91
7f9d
7fb3
7fb9
7fbf
7fd1
7fdb
7fdd
7ff3
7ff5
7ff7
7ff9
7fff
9115
9119
911d
913b
913d
9151
9157
9159
915d
917f
9195
9197
919d
919f
91b1
91b7
91d9
91db
91f3
91f7
91fb
9313
9315
931f
9331
9337
9339
935b
9391
9397
93b9
93d7
93db
93df
93f1
93f3
93f5
9511
9515
9517
951d
951f
955f
9573
9575
959f
95d1
95dd
95fb
95fd
9711
9719
971f
9731
9751
975f
9771
97bd
97d9
97df
97f1
97f5
97f7
97fd
9913
9917
991b
9953
9971
99b1
99d5
99d7
99f1
99f7
99fb
99ff
9b17
9b1b
9b1f
9b39
9b3d
9b7f
9b91
9bbd
9bd5
9bf1
9d11
9d15
9d1d
9d35
9d39
9d3f
9d51
9d5d
9d7b
9dbf
9dd1
9dd3
9dd7
9ddd
9df3
9df5
9dff
9f13
9f17
9f1b
9f1f
9f31
9f33
9f3d
9f53
9f59
9f5b
9f5f
9f71
9f77
9f7d
9f93
9f99
9f9b
9f9f
9fb1
9fb7
9fbd
9fdb
9fdf
9ff1
9ff5
9ff7
9ff9
9ffd
a31b
b035
b115
b117
b139
b13b
b151
b159
b15f
b175
b17f
b191
b193
b1bf
b1d1
b1d3
b1df
b1f1
b1f7
b1f9
b1fb
b1fd
b311
b317
b33b
b353
b35d
b37d
b391
b39b
b3df
b3f1
b3f7
b3f9
b3ff
b511
b571
b57d
b591
b595
b5bf
b5dd
b5f1
b5f3
b5ff
b711
b717
b719
b71d
b71f
b750
b753
b7d1
b7d7
b7df
b7f1
b7f5
b7f9
b7fb
b7fd
b91b
b91f
b951
b95b
b97d
b9d9
b9f1
b9f3
b9fd
bb10
bb15
bb1d
bb33
bb3b
bb3f
bb99
bb9f
bbb1
bbdf
bbf1
bbf5
bbff
bd15
bd17
bd19
bd1b
bd5f
bd77
bd95
bd9b
bd9d
bdb9
bdbb
bdd3
bdd7
bddb
bddf
bdf1
bdf5
bdf9
be9f
bf13
bf15
bf19
bf1b
bf1d
bf51
bf53
bf5d
bf91
bfb5
bfbf
bfd5
bfdf
bff1
bff3
bff7
bffb
bfff
c113
d15b
d15f
d173
d177
d17f
d195
d1bd
d1d5
d1f3
d1f7
d1fb
d1ff
d305
d313
d317
d31b
d31f
d331
d335
d353
d35f
d373
d391
d39d
d3b1
d3d7
d3f1
d3fb
d3fd
d511
d519
d51d
d51f
d53f
d551
d55b
d55f
d573
d575
d577
d59d
d59f
d5b5
d5d1
d5db
d5f3
d5f7
d73f
d751
d757
d777
d77b
d77f
d799
d7b0
d7bd
d7dd
d911
d917
d951
d95f
d973
d991
d999
d9d3
d9db
d9df
d9f9
db1b
db53
db79
dbb5
dbd1
dbd3
dbd7
dbf5
dbf9
dbff
dd1b
dd59
dd73
dd95
ddb3
dddb
ddff
df13
df17
df1b
df1f
df31
df33
df39
df3b
df3d
df53
df57
df59
df5f
df71
df75
df77
df7d
df93
df97
df9f
dfb1
dfb5
dfbb
dfbd
dfd3
dfdb
dfdf
dff1
dff5
dff7
dff9
dffd
e1d9
edd1
edd5
ef79
f133
f135
f137
f13b
f153
f157
f159
f171
f175
f179
f17b
f191
f193
f197
f19b
f1b5
f1b7
f1b9
f1bb
f1d3
f1f3
f319
f31d
f33f
f357
f35b
f37f
f39b
f3bd
f3bf
f3d1
f3d7
f3fb
f517
f51b
f533
f539
f53d
f53f
f557
f571
f579
f57b
f57f
f591
f597
f5bf
f5d5
f5f1
f5f3
f5f5
f5f7
f5fb
f5fd
f711
f715
f719
f71b
f71d
f71f
f731
f755
f75f
f771
f773
f775
f777
f77d
f791
f797
f79d
f79f
f7b1
f7b9
f7bf
f7d1
f7d7
f7db
f7f3
f7f7
f7f9
f7fd
f7ff
f913
f917
f91b
f91d
f91f
f931
f933
f935
f937
f93f
f95d
f971
f973
f97f
f997
f99f
f9b1
f9b5
f9bd
f9df
f9f1
f9f3
f9f5
f9f9
f9fb
f9fd
fb11
fb13
fb15
fb19
fb1d
fb37
fb3b
fb3f
fb51
fb5f
fb7f
fb91
fb93
fb9f
fbbf
fbd1
fbd5
fbd9
fbdd
fbdf
fbf1
fbf3
fbf7
fbfb
fbff
fd13
fd17
fd1b
fd1f
fd31
fd39
fd3d
fd57
fd5f
fd71
fd75
fd79
fd7b
fd7d
fd97
fd99
fd9d
fdb5
fdbb
fdd3
fddf
fdf1
fdf5
fdf9
fdfb
fdfd
ff11
ff15
ff19
ff1d
ff33
ff35
ff37
ff3b
ff3f
ff51
ff55
ff59
ff5b
ff5d
ff73
ff77
ff7f
ff91
ff95
ff99
ff9b
ff9d
ffb3
ffb9
ffbd
ffbf
ffd1
ffd5
ffd7
ffd9
ffdd
fff3
fff7
fffb
ffff
