1250
0195
0519
07f5
09b9
0b9b
0d93
1117
1133
1135
115d
1179
1193
1197
119b
119f
11b1
11b5
11b9
11bd
11d3
11d7
11db
11df
11f1
11f5
11f9
11fd
130b
1311
1315
1319
131d
1339
133f
1351
1355
1359
135d
1371
1377
137b
137f
1391
1395
1399
13b3
13b7
13bb
13bf
13d1
13d5
13d7
13d9
13f7
13fd
1513
1515
151b
151f
1531
153d
1553
1557
155f
1571
157d
1591
1597
159b
159f
15b1
15b5
15b9
15bd
15d3
15df
15f1
15f5
15f7
15f9
15fd
1711
1715
1717
1719
171d
1731
1733
1737
173d
1751
175b
175d
1773
177f
1791
1795
1799
179b
179f
17b1
17b5
17bf
17d1
17d3
17d5
17fb
1917
191b
1933
1937
1953
1955
195f
1971
197d
1991
1999
19b3
19b5
19f3
19f5
19ff
1b13
1b19
1b33
1b39
1b3f
1b51
1b5f
1b75
1b7b
1b9f
1bb1
1bb3
1bb5
1bbb
1bd1
1bd7
1bdd
1bf3
1bf7
1bf9
1bfb
1bff
1d35
1d37
1d55
1d5b
1d5d
1d73
1d97
1db9
1dbf
1ddb
1df1
1df3
1df5
1df9
1dfd
1e9b
1f15
1f19
1f1d
1f39
1f3b
1f3f
1f51
1f53
1f57
1f59
1f5d
1f5f
1f73
1f77
1f7b
1f7f
1f91
1f95
1f99
1f9d
1fb3
1fb5
1fb7
1fbb
1fbf
1fd1
1fd5
1fd7
1fd9
1fdd
1ff3
1ff7
1ffb
1fff
3059
3077
30b5
3115
3119
3135
3151
3155
315b
3171
317d
317f
3195
3197
3199
31b9
31d9
31df
31e5
31f3
31f7
31fd
31ff
3317
331b
3339
333f
3355
3390
33bd
33d1
33d7
33db
33f3
33f5
3515
3519
3531
3533
355f
3591
359b
35d3
35d9
35f1
35fd
371d
371f
373f
3751
377d
3799
37b1
37b7
37d1
37df
37f1
37f5
37fb
37fd
3911
3913
391d
391f
3939
3951
3959
3973
399b
399f
39b1
39bf
39df
39f7
39f9
3b11
3b15
3b1d
3b55
3b5b
3b7b
3bb1
3bff
3d11
3d17
3d1f
3d30
3d3b
3d51
3d7f
3d97
3db1
3dbf
3dd1
3df3
3dfb
3dfd
3f13
3f17
3f1b
3f31
3f3f
3f53
3f55
3f5f
3f71
3f75
3f7b
3f9d
3f9f
3fb1
3fb9
3fbd
3fd3
3fd7
3fdf
3ff1
3ff5
3ff9
3ffb
3fff
505f
5075
5113
5115
5117
5119
511d
511f
5131
513d
5151
5153
515b
517d
5191
5193
519d
519f
51b1
51bf
51d3
51d7
51dd
51fb
51ff
5309
5315
5353
5379
537f
53b5
53bf
53d5
53f7
5509
5517
551b
551d
5551
55f3
55fb
55ff
5711
5715
573b
573f
5757
5771
579f
57b1
57b5
57f1
57f7
57ff
5909
5911
5931
595f
59b7
59d1
59d5
59f3
59fb
5b11
5b15
5b1f
5b3d
5b7f
5b90
5b93
5bb1
5bbd
5bf1
5bf5
5bfb
5bfd
5d17
5d1d
5d3f
5d53
5d5f
5d79
5d9f
5db3
5db9
5dbd
5dbf
5dd1
5df5
5df7
5df9
5dff
5f11
5f19
5f1b
5f1f
5f39
5f51
5f7b
5f7f
5f91
5f93
5f95
5f99
5f9d
5fb1
5fb7
5fbb
5fd9
5fdf
5ff1
5ff3
5ffb
5ffd
7117
711b
711f
7133
7137
7139
713f
7153
715d
715f
7171
7197
719f
71b1
71b7
71bd
71d5
71db
71f3
71f9
7311
7313
7317
731b
733b
7351
735f
7371
737b
7395
739b
73b7
73e1
73f5
73f9
73fb
7513
751f
7531
7577
7591
759f
75b1
75d9
75df
75f1
75f7
771f
773f
7779
77d9
77dd
77f5
77f7
77ff
791d
7951
7953
7959
795d
7970
799f
79b3
79bf
79d5
79df
79fd
7b0b
7b13
7b17
7b1d
7b5f
7b71
7b79
7bf3
7bf7
7bfd
7d13
7d15
7d19
7d1b
7d1f
7d53
7d57
7d5d
7d77
7d7b
7d9f
7db1
7db7
7ddf
7dfd
7f11
7f13
7f19
7f1d
7f31
7f33
7f35
7f3f
7f5b
7f5f
7f71
7f79
7f7f
7f91
7f9b
7fb3
7fb9
7fbf
7fdb
7ff1
7ff3
7ff5
7ff7
7ff9
7fff
9051
9111
9113
9119
911d
911f
9131
913b
913d
9157
915d
9171
917f
9195
9197
919d
919f
91b1
91b7
91bf
91d1
91d9
91db
91f1
91f3
91f7
91fb
91ff
9313
9315
931b
931f
9331
9337
9339
935b
9391
9397
93b9
93d7
93db
93df
93f1
93f3
93f5
93f7
9511
9515
9517
951d
951f
955f
9571
9573
9575
959f
95d1
95dd
95fb
95fd
9711
9719
971b
971f
9731
9751
9753
9771
97bd
97d9
97df
97f1
97f5
97f7
97fd
9913
9917
9971
99b1
99d5
99f1
99f7
99fb
99ff
9b11
9b17
9b1b
9b1f
9b39
9b3d
9b7f
9b91
9bbd
9bd5
9bf1
9bf3
9d13
9d1f
9d35
9d39
9d51
9d5d
9d7b
9d9d
9dbf
9dd3
9dd7
9ddf
9df1
9df5
9dff
9f11
9f15
9f17
9f1b
9f1f
9f33
9f3f
9f53
9f5b
9f5f
9f71
9f77
9f79
9f7d
9f93
9f9b
9f9f
9fb7
9fbd
9fd1
9fdb
9ff5
9ff7
9ff9
9ffd
b035
b115
b117
b11b
b11f
b139
b13b
b13f
b151
b153
b159
b15f
b171
b175
b17d
b191
b193
b1bf
b1d1
b1d5
b1df
b1f3
b1f7
b1f9
b1fd
b1ff
b311
b317
b33b
b35f
b371
b37d
b39b
b3b1
b3df
b3f1
b3f9
b3ff
b511
b57d
b591
b595
b5bf
b5dd
b5f1
b5f3
b5ff
b711
b717
b719
b71d
b71f
b750
b753
b7d1
b7d7
b7df
b7f1
b7f5
b7f9
b7fb
b7fd
b911
b91b
b91f
b951
b95b
b97d
b9d1
b9d9
b9f3
b9ff
bb13
bb1b
bb1f
bb33
bb3b
bb3f
bb5f
bb99
bb9f
bbb1
bbdf
bbf1
bbf5
bbff
bd15
bd17
bd19
bd3f
bd71
bd77
bd95
bd9b
bdb9
bdbb
bdd3
bdd7
bddb
bdf9
bdff
bf13
bf19
bf1b
bf31
bf3f
bf51
bf53
bf5d
bf7f
bf91
bf9f
bfb1
bfb5
bfbf
bfd5
bfdf
bff1
bff3
bff5
bff7
bffb
bffd
c71b
d113
d15b
d15f
d177
d17f
d195
d1b1
d1b9
d1bd
d1f7
d305
d313
d31b
d31f
d335
d33f
d351
d353
d373
d391
d39d
d3bf
d3d1
d3f7
d3fb
d3ff
d511
d519
d51f
d53f
d55b
d55f
d573
d575
d577
d59d
d59f
d5b1
d5b5
d5db
d5f3
d5f7
d5fd
d73f
d751
d757
d777
d77b
d77f
d799
d7b0
d7bd
d7dd
d917
d91b
d91f
d95f
d973
d991
d999
d99f
d9d3
d9df
d9f1
d9f9
db11
db15
db19
db51
db53
db79
dbb5
dbd1
dbd7
dbf3
dbf7
dbf9
dbff
dd1b
dd1f
dd31
dd39
dd3d
dd59
dd5f
dd71
dd7d
dd95
dddb
ddff
df11
df15
df19
df1d
df33
df3b
df3f
df51
df55
df59
df5d
df71
df73
df77
df7f
df91
df93
df95
df97
df9d
dfb3
dfb5
dfbb
dfbf
dfd1
dfd5
dfd9
dfdb
dfdd
dff3
dff7
dfff
e157
e1b5
ef53
f133
f137
f13b
f151
f153
f155
f159
f171
f175
f179
f17b
f193
f197
f19b
f1b7
f1bb
f1d1
f1d9
f1f3
f1f7
f313
f317
f319
f31d
f331
f357
f35b
f35f
f39b
f3b1
f3bd
f3d7
f3df
f3f1
f3f5
f3f9
f3fb
f3fd
f511
f515
f517
f51b
f51d
f539
f53d
f53f
f551
f557
f579
f57b
f57f
f591
f597
f5bf
f5d1
f5d5
f5dd
f5f3
f5f7
f5fb
f5ff
f711
f713
f717
f719
f71b
f71f
f731
f755
f75f
f771
f773
f775
f777
f77d
f791
f797
f79f
f7b1
f7b9
f7bd
f7d7
f7db
f7df
f7f1
f7f3
f7f7
f7f9
f7fd
f7ff
f919
f91d
f933
f935
f937
f93f
f951
f95d
f971
f973
f97f
f997
f9b1
f9b5
f9d1
f9f3
f9f7
f9fb
fb13
fb1b
fb1d
fb1f
fb37
fb3b
fb5f
fb71
fb7f
fb93
fb97
fb9f
fbb9
fbbf
fbd3
fbdb
fbdf
fbf1
fbf5
fbf9
fbfd
fd17
fd39
fd3f
fd57
fd5f
fd79
fd7b
fd7f
fd99
fd9d
fdb5
fdbb
fdd1
fdd5
fddf
fdf3
fdfb
fdfd
ff33
ff35
ff37
ff53
ff57
ff5b
ff5f
ff71
ff75
ff79
ff7d
ff93
ff97
ff9b
ff9f
ffb1
ffb5
ffb9
ffbd
ffd3
ffd7
ffd9
ffdf
fff1
fff5
fff7
fff9
fffb
fffd
