1147
0519
0737
07f5
091b
09b3
09b9
0b9b
1117
1133
1135
1139
115d
1179
117b
1195
1199
11bb
11d7
1319
131b
1351
1355
1359
135d
1371
1377
137d
1399
139b
13b1
13b7
13bd
13bf
13d3
13d9
13fd
1515
151d
153d
1557
155f
1571
157f
1591
1597
159b
159f
15b1
15b5
15d3
15d7
15f3
15f5
15f9
15fd
1711
1713
1717
171b
1731
1733
1751
175b
175d
1773
177d
177f
1791
1795
1799
179b
179f
17b5
17bf
17d5
17f3
17fb
17ff
1911
1917
191d
191f
1933
1937
1939
193f
1953
1955
1971
1991
1995
1999
19b1
19bf
19f5
19fd
19ff
1b11
1b13
1b19
1b1d
1b33
1b3f
1b51
1b5f
1b7b
1b7f
1b91
1b9f
1bb1
1bb3
1bb5
1bbb
1bd1
1bd7
1bdd
1bf3
1bf7
1bf9
1bfb
1bff
1d35
1d37
1d55
1d5b
1d7d
1d93
1db9
1ddb
1df3
1dfd
1f39
1f3b
1f53
1f57
1f5d
1f5f
1f71
1f75
1f7f
1f99
1f9b
1fb5
1fbb
1fd1
1fd7
30b5
3113
3119
3135
3155
3159
315f
3171
317d
3195
31b9
31d5
31d9
31f1
31f3
31f7
3317
3339
333f
33bd
33d1
33d3
33d7
33db
33f5
3509
3515
3531
3533
355f
3591
359b
35d3
35d9
35fd
371f
373f
3751
377d
3799
37b1
37b7
37d1
37db
37df
37f1
37f5
37fd
3911
3913
391d
391f
3939
3951
3973
399f
39df
39f7
39f9
3b11
3b15
3b1d
3b55
3b5b
3b7b
3bb1
3bff
3d17
3d1f
3d30
3d3b
3d7f
3d97
3d9f
3db1
3dd1
3df3
3dfb
3dfd
3f13
3f17
3f1b
3f1f
3f31
3f3f
3f51
3f53
3f5f
3f71
3f7b
3f7d
3f9f
3fb1
3fbf
3fd3
3fd7
3fdf
3ff1
3ff5
3ff9
3ffb
3fff
5075
50d3
5105
5113
5117
5119
513f
5151
5153
515b
515f
517f
5191
5193
519d
519f
51b1
51d1
51d7
51df
51f1
5311
5315
531d
537f
53b5
53bf
53d1
53d5
53f9
53fb
53ff
5509
5517
551b
551f
5551
55f1
55f3
55fb
55ff
5711
5715
573b
573f
5757
5771
579f
57b1
57b5
57f1
57f7
57ff
5909
5911
5931
595f
59d1
59d5
59f3
59fb
5b1f
5b90
5b93
5bb1
5bbd
5bf1
5bf5
5bfb
5bfd
5d13
5d17
5d1d
5d1f
5d53
5d5f
5db3
5db9
5dbd
5df1
5df5
5dff
5f11
5f15
5f19
5f1b
5f1d
5f39
5f3f
5f51
5f7b
5f7d
5f91
5f93
5f95
5f99
5f9d
5fb1
5fb7
5fbb
5fbf
5fd1
5fd9
5fdd
5ff3
5ff7
5ffd
5fff
710d
7115
7117
711f
7137
7139
7153
715d
7171
7197
719f
71b1
71b7
71bd
71d5
71db
71df
71f3
71f9
71fb
71ff
7303
7311
7317
731b
7351
735f
7371
737b
739b
73d1
73f5
73f7
73fd
7513
751f
7531
7571
7577
759f
75b1
75d9
75dd
75f1
75f7
75ff
7711
771f
773f
7779
77d5
77d9
77dd
77ff
7911
7951
7953
7959
795d
7970
799f
79b3
79bf
79d1
79d5
79fb
79fd
79ff
7b0b
7b1d
7b1f
7b5f
7b71
7b79
7bd3
7bdf
7bf1
7bfd
7d03
7d11
7d15
7d17
7d1b
7d3f
7d53
7d5d
7d7b
7d91
7d9f
7db7
7dd1
7dff
7f13
7f1b
7f1f
7f31
7f35
7f59
7f5f
7f71
7f77
7f7f
7f91
7f9b
7fb3
7fb9
7fbf
7fdb
7fdf
7ff1
7ff5
7ff9
7ffd
903b
90f5
9113
9119
911f
9131
913d
9157
915d
9171
917f
9195
9197
919b
919f
91b1
91b7
91bd
91d9
91db
91df
91f1
91f3
91f7
91fd
9313
931b
931f
9331
9337
9339
935b
9390
9397
93b9
93d7
93db
93df
93f1
93f3
93f5
93f7
9511
9515
9517
951d
955f
9573
9575
959f
95d1
95dd
95fb
95ff
9717
971b
971f
9731
9751
9753
9771
97bd
97d5
97d9
97df
97f1
97f7
97fb
9913
9915
9971
99b1
99d1
99d5
99f7
99ff
9b0f
9b11
9b17
9b39
9b3d
9b7f
9b91
9bbd
9bd5
9bf1
9bf3
9d13
9d1f
9d35
9d3d
9d3f
9dbf
9dd3
9dd7
9ddf
9df1
9df5
9dfd
9f11
9f15
9f17
9f1d
9f3f
9f51
9f53
9f59
9f5b
9f5f
9f71
9f7d
9f93
9f9b
9f9f
9fb7
9fbd
9fd1
9fdd
9ff3
9ff7
9ff9
9ffb
9fff
b035
b075
b115
b117
b11b
b131
b139
b13f
b151
b155
b159
b15f
b171
b173
b17d
b191
b195
b1bf
b1d1
b1d5
b1dd
b1f3
b1f7
b1f9
b1fb
b1ff
b311
b317
b33b
b35d
b37d
b39b
b3b1
b3df
b3f1
b3f9
b3ff
b51f
b53f
b571
b57d
b591
b595
b5bf
b5dd
b5f1
b5f3
b711
b715
b719
b71b
b71f
b753
b77f
b7d1
b7d7
b7db
b7df
b7f5
b7f9
b7ff
b911
b91d
b91f
b951
b97d
b9d1
b9d9
b9f3
b9fd
bb1b
bb1f
bb33
bb3b
bb3f
bb99
bb9f
bbb1
bbdf
bbf1
bbf5
bbff
bd15
bd19
bd1d
bd71
bd77
bd95
bd9b
bd9f
bdb9
bdd7
bdf3
bdf9
bdff
bf13
bf19
bf1b
bf3f
bf51
bf53
bf5d
bf7f
bf91
bfb5
bfbf
bfdb
bfdf
bff1
bff5
bff7
bffd
d113
d15b
d15f
d175
d179
d17f
d197
d1b9
d1bd
d1df
d1f7
d305
d311
d313
d31b
d31d
d335
d33f
d351
d35f
d391
d3d1
d3f7
d3fb
d3ff
d509
d50d
d511
d51f
d573
d575
d59d
d59f
d5b1
d5b5
d5db
d5f1
d5f7
d5fb
d70b
d711
d715
d73f
d757
d771
d777
d77d
d7bd
d7fd
d7ff
d917
d91b
d91f
d93f
d95f
d973
d999
d99f
d9d3
d9df
d9f1
d9f9
db11
db15
db51
db53
dbd1
dbd3
dbd7
dbf7
dbf9
dbff
dd17
dd1b
dd1f
dd31
dd39
dd3f
dd59
dd5f
dd73
dd95
ddb0
ddbb
ddff
df15
df19
df1d
df33
df37
df3b
df3f
df51
df53
df59
df5f
df77
df97
dfb1
dfb3
dfb5
dfbb
dfe9
dff3
dff5
dff7
dffb
dfff
e153
e157
f111
f115
f117
f119
f11d
f131
f133
f137
f13b
f13f
f151
f155
f159
f15d
f173
f177
f17b
f17f
f191
f19b
f19d
f1b1
f1b3
f1b5
f1b7
f1bb
f1bf
f1d1
f1d5
f1d9
f1dd
f1f3
f1f7
f1fb
f1ff
f313
f317
f319
f31f
f331
f357
f35b
f35f
f370
f37b
f39f
f3b1
f3bd
f3d7
f3df
f3f1
f3f5
f3f9
f3fb
f3fd
f511
f515
f517
f51b
f51d
f537
f539
f53f
f551
f577
f579
f57f
f591
f5bf
f5d1
f5d5
f5f3
f5f7
f5fd
f5ff
f713
f717
f719
f71b
f71f
f731
f73d
f755
f75f
f773
f775
f77b
f791
f797
f79d
f79f
f7b1
f7b9
f7bd
f7d7
f7df
f7f1
f7f7
f7f9
f7fb
f911
f913
f915
f919
f91d
f931
f935
f937
f951
f971
f973
f97d
f9b1
f9b5
f9bd
f9d1
f9f3
f9f7
f9fb
f9fd
fb13
fb17
fb19
fb1d
fb1f
fb39
fb3b
fb5f
fb71
fb7f
fb93
fb97
fb9f
fbb1
fbb9
fbbf
fbd3
fbdf
fbf1
fbf5
fbf9
fbfb
fbfd
fd3d
fd3f
fd57
fd5f
fd71
fd75
fd79
fd7b
fd7d
fd91
fd99
fd9b
fd9f
fdb5
fdd5
fdf3
fdfb
ff13
ff17
ff1b
ff1f
ff31
ff33
ff35
ff39
ff3d
ff57
ff5b
ff5f
ff71
ff73
ff75
ff79
ff7d
ff93
ff95
ff97
ff9b
ff9d
ff9f
ffb1
ffb9
ffbd
ffbf
ffd3
ffd5
ffd7
ffd9
ffdb
ffdd
ffdf
fff1
fff5
fff9
fffd
