1098
0137
0397
093b
0959
095d
0b53
0bd3
0f33
1117
1119
1133
1135
1139
113b
113d
1153
1155
1157
1173
1179
117b
1191
1193
1197
11b5
11bf
11d1
11d3
11d5
11d9
11dd
11f3
11f7
11fb
11ff
1313
1317
131b
131f
1331
1353
1357
1371
1379
137b
1399
139d
139f
13b1
13bb
13d1
13d3
13d7
13df
13f1
13f5
13f9
13fd
1511
1515
1519
151d
1537
1539
153f
1551
155d
155f
1571
1575
157b
1591
1597
15b5
15bb
15bf
15d1
15d7
15d9
15db
15dd
15f3
15f7
15fb
15fd
15ff
1713
1715
171b
171d
171f
1731
173d
1755
175b
1777
1779
177f
1791
1797
179d
17b1
17b3
17d7
17f1
17f5
17f9
17fb
17ff
1911
1913
1915
1919
191d
1931
1939
193f
1971
197d
1993
1997
1999
199f
19b1
19b3
19bd
19bf
19d1
19d3
19d7
19f5
19f7
19f9
19fd
19ff
1b17
1b1b
1b1f
1b31
1b33
1b3b
1b3f
1b57
1b5b
1b5d
1b5f
1b71
1b79
1b7b
1b97
1b9d
1bb1
1bbd
1bdb
1bdf
1bf1
1bf9
1bfd
1d19
1d39
1d51
1d5d
1d5f
1d75
1d91
1d9d
1db9
1dbb
1dbf
1dd1
1e7b
1f35
1f37
1f3b
1f53
1f59
1f75
1f77
1f7d
1f93
1f95
1f99
1f9b
1f9f
1fb3
1fb9
1fbb
1fd7
1ff3
1ffb
3079
3113
3115
311b
3139
3157
3171
317d
317f
3197
319b
31b1
31d5
31db
31df
31f3
31f7
31f9
331b
331f
3353
3371
33bf
33f5
33ff
351f
3531
353d
3571
359d
35b1
35d1
35df
35f1
35fd
3737
3770
3777
3791
379b
37d1
37db
37ff
3913
391d
391f
393f
397f
3991
39b1
39df
39f3
3b05
3b1f
3b31
3b7f
3bbf
3bf1
3bff
3d1f
3d31
3d37
3d3f
3d77
3d95
3db1
3df7
3dff
3f15
3f17
3f3b
3f5f
3f71
3f73
3f7b
3f7d
3f91
3f97
3fb5
3fb9
3fbf
3fd1
3fdb
3ff5
3ff7
3ffb
3fff
5113
5117
5119
511d
5133
5159
515d
5171
5175
517b
517f
5191
519b
519f
51b9
51bd
51d1
51df
51f3
51f5
51fb
51fd
5305
531b
531f
5351
535d
5375
539f
5515
551f
5531
553d
5550
55b1
55bf
55dd
55f1
55f3
55f7
55f9
55ff
5711
571d
571f
575d
575f
5771
57bf
57d1
57d3
57d9
57f5
57fb
57fd
5915
591f
593d
595b
597d
59bd
59d1
59d9
59dd
5b19
5b39
5b55
5b5b
5bbb
5bd9
5bf7
5bff
5d09
5d13
5d1b
5d1f
5d3d
5d51
5d73
5d95
5d99
5d9f
5db9
5dd3
5df1
5df5
5dfd
5f11
5f15
5f17
5f1b
5f1f
5f39
5f3f
5f53
5f57
5f5b
5f5f
5f71
5fb1
5fb3
5fbf
5fd7
5fdf
5ff1
5ff7
5ff9
5fff
7051
7113
7117
711b
711f
7135
713f
7153
715b
715f
717d
7190
719b
71b1
71b5
71bf
71d1
71dd
71f1
71f5
71f7
71f9
71ff
7311
7313
7319
731b
731d
7331
7371
7373
739f
73b1
73b9
73db
73f1
73ff
750d
7511
7519
751f
7551
755f
75b7
75bb
75ff
7711
773f
7751
7791
77f1
77f3
77f7
77f9
77ff
7911
7919
791d
791f
7931
7971
7991
7997
799f
79b1
79bf
79d1
79db
79f5
79ff
7b11
7b15
7b1f
7b50
7bf1
7bf9
7d11
7d13
7d17
7d1d
7d33
7d37
7d7f
7db1
7df1
7dfd
7f11
7f15
7f19
7f1d
7f1f
7f31
7f5f
7f71
7f75
7f7d
7f91
7f97
7f9b
7f9f
7fbd
7fd1
7fdf
7ff3
7ff7
7ffb
7fff
907d
90bf
9111
9113
9115
9119
911d
9137
913f
9153
9175
917f
9191
9195
91b1
91b3
91dd
91f1
91f7
91fb
91ff
9307
931f
935f
937d
9391
93d1
93df
93f5
93fb
9505
9511
9513
9519
953f
9571
959f
95b5
95f1
9719
971b
971d
971f
973f
975d
979d
97bf
97d3
97f1
97ff
991f
9931
9975
99f1
99f3
99fb
9b11
9b1d
9b59
9b91
9b9f
9bb1
9bb7
9bf5
9bfb
9bff
9d11
9d19
9d1d
9d33
9d51
9d7d
9db0
9db3
9dd1
9df5
9dfb
9dff
9f15
9f17
9f1b
9f1f
9f31
9f33
9f3f
9f51
9f55
9f5d
9f71
9f77
9f79
9f9f
9fb1
9fb7
9fd9
9fdb
9fdf
9ff1
9ff3
9ff5
9ff9
9ffd
b11b
b135
b137
b13d
b151
b155
b15f
b179
b17b
b191
b19d
b19f
b1d5
b1d7
b1d9
b1df
b1f9
b1fd
b31b
b331
b373
b37b
b37f
b3b7
b3d5
b3f1
b3f3
b3f7
b3f9
b3ff
b511
b513
b51b
b53f
b551
b57f
b5bf
b5d1
b5d3
b5d7
b5fb
b5ff
b71d
b739
b771
b7db
b7f1
b7f7
b7ff
b911
b917
b931
b93d
b951
b975
b97f
b993
b9bf
b9d1
b9df
b9fd
b9ff
bb13
bb1f
bb3f
bb5f
bb7f
bb91
bb93
bbf9
bbfd
bbff
bd15
bd17
bd1f
bd51
bd55
bd77
bd91
bd93
bdb1
bdd3
bdd7
bdd9
bdf1
bdf3
bdf9
bdfd
bf11
bf17
bf19
bf1d
bf1f
bf3b
bf3f
bf59
bf5f
bf7f
bf95
bf99
bfb7
bfb9
bfbf
bfd1
bfdd
bff5
bff7
bffb
bfff
c1b1
c1db
d135
d139
d13d
d153
d171
d175
d17d
d1b3
d1b7
d1b9
d1f3
d1f5
d1fb
d313
d317
d31b
d331
d357
d377
d39f
d3b1
d3df
d3f1
d3f5
d3f9
d3fd
d51d
d559
d571
d57f
d599
d5b1
d5d7
d5ff
d713
d71d
d731
d75f
d779
d791
d7bf
d7d7
d7f1
d931
d951
d959
d9db
d9dd
db1d
db3d
db57
db79
db7f
db9f
dbd1
dbf1
dbf5
dd13
dd19
dd1b
dd31
dd33
dd35
dd3f
dd59
dd71
dd7b
dd7f
ddf7
df17
df31
df3b
df57
df5b
df5f
df77
df7d
df99
df9b
df9f
dfb1
dfbb
dfbd
dfd7
dfdf
dff1
dff3
dff5
dff9
dffd
e519
e9fb
eb31
ebdf
ef3d
ef75
efb5
f115
f13d
f153
f155
f157
f159
f15b
f15f
f177
f17d
f199
f19b
f1b7
f1bb
f1bd
f1dd
f1f7
f1fb
f315
f317
f335
f33b
f33f
f359
f35d
f35f
f37f
f391
f393
f3d5
f3df
f3f3
f3f7
f3fb
f3ff
f513
f515
f51b
f51f
f531
f53b
f53f
f551
f553
f555
f575
f577
f57b
f57f
f591
f597
f59f
f5b1
f5b3
f5b9
f5bd
f5df
f5f1
f5f5
f5f9
f5fd
f711
f715
f719
f71d
f731
f737
f73f
f755
f759
f75f
f771
f77b
f77d
f79f
f7d1
f7d3
f7df
f7f3
f7f7
f7fb
f7fd
f7ff
f913
f917
f91b
f935
f95b
f95f
f975
f97b
f97d
f97f
f991
f995
f999
f9b3
f9b9
f9bf
f9d1
f9d7
f9df
f9f3
f9f5
f9f9
fb15
fb17
fb19
fb37
fb3f
fb51
fb5b
fb5d
fb71
fb75
fb7b
fb91
fb97
fbb3
fbbf
fbd5
fbd9
fbdd
fbfb
fd13
fd17
fd31
fd39
fd51
fd7f
fd91
fd9f
fdbf
fdd5
fdf3
fdf7
fdfb
ff13
ff15
ff35
ff37
ff39
ff3b
ff53
ff59
ff5d
ff5f
ff71
ff73
ff79
ff7b
ff7f
ff93
ff95
ff97
ff9b
ff9d
ffb7
ffb9
ffbf
ffd1
ffd5
ffd9
ffdb
ffdd
fff3
fff7
fffb
ffff
