1013
0517
0519
0737
0791
07f5
091b
09b3
0b9b
111b
111d
1135
113d
113f
1157
115b
1173
117b
1195
1199
11b3
11b7
11bb
11d5
11db
11f7
1311
1319
131b
131f
1331
1351
1355
1359
135d
135f
1371
1379
137d
1397
139f
13b3
13bb
13d7
13f5
13f9
13fd
1515
153d
155f
1577
157f
1591
1599
15b5
15d3
15f3
15f5
15f9
15fd
1713
1717
171b
1731
1733
1751
175b
175d
1771
1773
177d
177f
1795
1799
179b
179f
17b1
17b5
17bf
17f9
17fd
1911
1917
191d
191f
193f
1953
1971
1995
1999
19db
19df
19f7
19f9
19ff
1b13
1b19
1b33
1b39
1b3f
1b51
1b5f
1b7b
1b9f
1bb1
1bb3
1bb5
1bb7
1bf5
1bfb
1bfd
1bff
1d1b
1d35
1d55
1d5b
1db7
1db9
1ddb
1df9
1dfd
1f17
1f19
1f1d
1f39
1f3b
1f51
1f53
1f57
1f59
1f5f
1f71
1f79
1f7d
1f7f
1f91
1f93
1f97
1f99
1f9b
1fb5
1fbb
1fd1
1fd7
1fd9
1ff9
1ffb
1ffd
30b5
3113
3135
3155
3159
315f
317b
3191
3195
31b1
31b9
31d7
31d9
31f1
31f3
31f5
31f7
31f9
31fd
3311
3317
333f
33bd
33d1
33d3
33d7
33db
33ff
3509
3515
351b
3531
3533
355f
3591
359b
35d3
35d9
35fd
3711
3713
373f
3751
377d
3799
37b1
37b7
37d1
37db
37df
37f5
37fd
3907
391d
391f
3939
3951
3973
399f
39d9
39df
39f1
3b11
3b15
3b1d
3b53
3b5b
3bb1
3bff
3d07
3d13
3d1f
3d30
3d3b
3d7f
3d97
3d9f
3db1
3dd1
3df3
3df9
3dfd
3f11
3f15
3f17
3f19
3f1b
3f1d
3f31
3f3f
3f51
3f53
3f5f
3f71
3f7b
3f7f
3f9d
3fb1
3fbf
3fd3
3fd9
3fdd
3ff1
3ff7
3ffb
3fff
5075
50bf
50d3
5111
5113
5117
5119
511d
513f
5151
5153
515b
515f
517d
5193
519d
519f
51d1
51dd
51fb
51ff
5301
531f
537d
539b
53b0
53b5
53d5
53f9
53fb
53fd
551d
5551
55f1
55f3
55fb
55ff
5710
573f
5757
5771
579f
57b1
57b5
57f1
57f7
57ff
5911
595f
59d1
59d5
59f3
59fb
5b1f
5b93
5bb1
5bf1
5bf3
5d11
5d17
5d1d
5d3f
5d5f
5db9
5dbd
5df5
5df9
5dfb
5dff
5f13
5f1b
5f1f
5f31
5f51
5f5b
5f7d
5f91
5f95
5f99
5f9f
5fb7
5fbb
5fdf
5ff1
5ff3
5ff7
5ffb
5ffd
7013
705d
7115
7119
7137
7153
717f
7191
7197
71b1
71b7
71bf
71d5
71db
71df
71f1
71f3
71f9
71fd
71ff
7303
7310
731b
7351
735f
73f1
73f5
73f7
73fd
7511
7513
7517
7531
7571
7577
759f
75d1
75d9
75f7
75ff
7711
771f
773f
7779
77d5
77d9
77df
77f1
77fd
7910
7951
7953
7970
799f
79b3
79bf
79d1
79d5
79ff
7b0b
7b11
7b1d
7b1f
7b5f
7b71
7b79
7bdf
7bf1
7bfd
7d03
7d15
7d1b
7d1f
7d31
7d5d
7d7b
7d9f
7dd1
7df1
7dfd
7f11
7f19
7f1d
7f35
7f3f
7f59
7f5f
7f71
7f77
7f7d
7f9b
7f9f
7fb1
7fb9
7fbf
7fd1
7fdb
7fdd
7ff3
7ff5
7ff9
7fff
9115
9119
9151
9157
917f
9191
9195
919f
91b1
91b7
91bd
91d9
91db
91df
91f1
91f3
91f7
91fb
9311
9313
931f
9331
9339
935b
9397
93d5
93d7
93f7
93ff
9515
955f
95bf
95d1
95dd
95f1
95ff
971b
971f
9731
9753
97bd
97d9
97f7
97fb
97ff
9913
9917
9970
99b1
99d5
99f1
99f7
99ff
9b17
9b1f
9b39
9bbd
9bd1
9bd5
9bf3
9d11
9d13
9d17
9d1f
9d35
9d3d
9d3f
9d51
9dd3
9dd7
9ddf
9df5
9f11
9f19
9f1b
9f1f
9f31
9f3d
9f53
9f59
9f5b
9f5f
9f71
9f7f
9f93
9fb1
9fbd
9fd7
9ff1
9ff5
9ff9
9ffb
9fff
a31b
b035
b113
b115
b117
b11b
b11f
b131
b139
b153
b155
b159
b15f
b171
b17d
b193
b1b1
b1bf
b1d1
b1d3
b1df
b1f1
b1f7
b1f9
b1fd
b311
b317
b37d
b391
b3ff
b51f
b571
b57d
b591
b5dd
b5f1
b5f3
b711
b715
b719
b71b
b71f
b753
b7d1
b7d7
b7db
b7df
b7f5
b7f9
b7ff
b911
b91d
b951
b97d
b9d1
b9d9
b9f3
b9fd
bb1b
bb33
bb3b
bb3f
bb9f
bbb1
bbdf
bbf1
bbf5
bbff
bd15
bd17
bd19
bd1d
bd5f
bd71
bd77
bd95
bd9f
bdb9
bdd3
bddb
bdf1
bdff
bf11
bf13
bf15
bf17
bf1f
bf3f
bf51
bf53
bf5d
bf7f
bf91
bf95
bfbb
bfbf
bfd1
bfdf
bff3
bff9
bffb
bfff
d03b
d11b
d13f
d151
d157
d15f
d17b
d17d
d195
d197
d1b9
d1bf
d1d5
d1f9
d1fd
d305
d313
d317
d31b
d31f
d335
d35f
d391
d3d7
d3f1
d3f9
d3ff
d509
d51d
d573
d575
d59d
d5b1
d5b5
d5bf
d5db
d5f7
d5fb
d70b
d715
d719
d73f
d757
d77d
d7fd
d917
d91b
d91f
d95f
d973
d99f
d9d3
d9df
db15
dbd3
dbd7
dbf5
dbf9
dbff
dd1b
dd33
dd39
dd3f
dd51
dd59
dd73
dd7f
dd95
ddb0
ddb3
ddbb
ddff
df15
df19
df1d
df31
df37
df3d
df53
df59
df5f
df77
df93
df97
df9b
dfb1
dfb5
dfdb
dff5
dff7
dff9
e1d1
e3b1
eb13
eb71
ef7d
f115
f117
f119
f131
f133
f137
f155
f175
f177
f179
f19b
f1b1
f1b7
f1bb
f1d3
f1d9
f1f3
f1f5
f1f7
f1f9
f1fb
f311
f315
f319
f33f
f357
f35b
f35f
f37b
f391
f3bd
f3d7
f3df
f3f7
f3f9
f3fb
f515
f51b
f51f
f531
f537
f53f
f551
f577
f579
f57f
f591
f5b0
f5d5
f5dd
f5df
f5f1
f5f3
f5f7
f5ff
f711
f713
f717
f71d
f71f
f731
f73d
f755
f75f
f771
f773
f775
f77d
f79f
f7b1
f7b9
f7bf
f7d1
f7d7
f7f3
f7f7
f7f9
f7fb
f7ff
f911
f915
f919
f91d
f931
f935
f937
f951
f97d
f991
f99d
f9bf
f9d1
f9f1
f9f3
f9fb
f9fd
f9ff
fb11
fb17
fb19
fb1d
fb1f
fb3b
fb51
fb5f
fb7f
fb91
fb93
fb97
fb9d
fbbf
fbd1
fbd9
fbdf
fbf3
fbf7
fbfb
fbff
fd13
fd17
fd1b
fd1f
fd31
fd39
fd3d
fd55
fd5f
fd71
fd75
fd79
fd7b
fd9b
fd9f
fdb1
fdb5
fdd3
fdd5
fddf
fdf1
fdf5
fdf9
fdfb
fdfd
ff11
ff15
ff17
ff19
ff1b
ff1d
ff33
ff35
ff3b
ff3f
ff51
ff57
ff5b
ff5d
ff73
ff7f
ff91
ff95
ff99
ff9d
ffb3
ffb9
ffbd
ffbf
ffd1
ffd5
ffd7
ffd9
ffdd
ffdf
fff3
fff7
fffb
fffd
