1227
035b
0397
0959
095d
0b73
0bd3
1131
1135
113b
113d
1157
1175
1179
117b
1191
1193
1197
11b5
11bb
11bd
11d1
11d3
11d5
11d9
11dd
11f3
11f7
11fb
11ff
1313
1317
131b
131f
1357
135f
1371
1379
137b
137f
1391
1393
1399
139d
13b1
13bb
13d3
13d7
13df
13f1
13f5
13f9
13fd
1511
1515
1519
151b
151d
1531
1537
1539
153f
1553
155d
1571
1575
1579
157d
1597
159f
15b1
15b5
15bb
15bf
15d1
15d5
15d9
15dd
15f3
15f7
15fb
15ff
1713
1717
171b
171d
171f
1731
1739
173d
1755
175b
175f
1777
1779
177d
177f
1791
1793
1797
179d
17b1
17b3
17d7
17db
17df
17f1
17f5
17f9
17fd
1911
1915
1917
191d
1931
1935
193b
193f
1971
197d
1991
1993
1997
1999
199f
19b3
19b7
19bf
19d1
19d3
19d7
19d9
19f3
19f7
19fb
19ff
1b19
1b1b
1b33
1b53
1b57
1b5b
1b5d
1b79
1b7b
1b7f
1b97
1b9f
1bb1
1bdb
1bdf
1bf1
1bf5
1bf9
1bfd
1d13
1d51
1d5d
1d75
1dbf
1df7
1e7b
1f17
1f33
1f35
1f53
1f57
1f5f
1f71
1f75
1f77
1f7d
1f93
1f95
1f99
1f9b
1f9f
1fb1
1fb3
1fb5
1fb9
1fbd
1fd7
1ff1
1ff5
1ff9
1ffb
1ffd
305d
3079
3115
3131
3139
313b
3157
315f
3171
317d
317f
3197
319b
31b1
31bf
31df
31f3
31f5
31fb
3311
331f
333f
3373
3391
33bf
33d1
33f7
33ff
351b
3531
353d
3571
357b
357f
3597
359f
35b1
35d1
35db
35df
35f3
3715
371f
3737
3770
3777
3791
3799
379b
379f
37db
37f1
3911
3913
393f
395b
397f
3991
3995
39b1
39df
3b05
3b07
3b1d
3b31
3b7f
3bbf
3bf1
3bf9
3bff
3d19
3d1f
3d37
3d71
3d77
3d95
3d9d
3db1
3df7
3dff
3f15
3f17
3f3b
3f51
3f5f
3f73
3f7b
3f7f
3f91
3f97
3f9f
3fb5
3fb9
3fbf
3fdb
3ff3
3ff9
3fff
511d
5137
513b
513f
5153
5159
515f
5171
5175
5177
517b
517f
5191
519b
519f
51b1
51bd
51d1
51d9
51db
51fd
5305
531b
5351
535d
5375
539f
53d9
5515
551f
5531
553d
5550
5591
55b1
55bf
55dd
55f7
55f9
5711
5715
571d
573f
575d
575f
5771
57d3
57d9
57f1
57f3
57f9
57fb
57fd
5915
591f
593d
597d
599f
59bf
59d1
59d9
59dd
59f3
5b13
5b19
5b1f
5b39
5b50
5b55
5b5b
5bb7
5bbb
5bd9
5bf1
5bf7
5bff
5d0b
5d11
5d15
5d19
5d1d
5d31
5d37
5d3d
5d51
5d73
5d95
5d99
5d9f
5db9
5dd3
5df7
5dff
5f11
5f13
5f17
5f19
5f1b
5f1f
5f39
5f3f
5f53
5f5b
5f5f
5f71
5f9d
5fb1
5fb3
5fbf
5fd7
5fd9
5fdf
5ff1
5ff5
5ff9
5ffb
5ffd
711b
711f
7135
713f
7151
7153
715b
715f
717d
719b
719f
71b1
71b5
71bf
71dd
71f1
71f5
71f7
71f9
71fd
71ff
7311
7313
7319
731b
731d
7331
7371
7373
739f
73b1
73b9
73d1
73d5
73db
73f9
73ff
7511
7519
751b
751f
7551
755f
75b7
75bb
75df
75f1
75fd
771f
7731
7751
7791
779f
77f1
77f3
77f7
77f9
77ff
7911
7919
791b
791d
791f
7931
793f
795b
7971
7991
7997
79b1
79bd
79db
79f1
79f5
79ff
7b11
7b15
7b51
7bbf
7bd1
7bf3
7bf5
7bf9
7bff
7d13
7d17
7d1b
7d1f
7d33
7d37
7d7d
7d7f
7db1
7db5
7dbf
7df1
7dfd
7f11
7f15
7f19
7f1d
7f31
7f3b
7f57
7f5f
7f71
7f73
7f75
7f7f
7f91
7f97
7f9b
7f9f
7fbd
7fd1
7fdf
7ff3
7ff5
7ff7
7ffb
7fff
9111
9113
9115
911d
9137
913f
9153
9171
9175
917f
9191
9195
91b3
91bf
91d1
91d3
91dd
91f1
91f7
91fb
91ff
9307
9311
931f
933d
935f
937d
9391
939f
93df
93f1
93f5
93fb
93fd
9505
9519
9533
953f
9571
957f
959f
95b5
95d1
95ff
9711
9717
971b
971f
973f
9759
975d
979d
97b1
97bf
97d5
97f3
97ff
9911
991d
9931
9971
9975
999f
99d7
99f1
99f3
99f5
99fb
99ff
9b13
9b1d
9b1f
9b59
9b93
9b9f
9bb1
9bb7
9bf1
9bf5
9bfb
9bff
9d11
9d19
9d1d
9d33
9d51
9d7f
9db0
9db3
9dd1
9df5
9df7
9dfb
9dff
9f13
9f15
9f17
9f1b
9f1f
9f31
9f33
9f3f
9f51
9f55
9f5d
9f71
9f77
9f79
9f7d
9f9f
9fb1
9fb7
9fd9
9fdb
9fdf
9ff1
9ff3
9ff5
9ff9
9ffd
b053
b115
b117
b11b
b11f
b131
b133
b137
b13d
b151
b155
b15f
b179
b17b
b191
b193
b19f
b1b1
b1bd
b1d3
b1d7
b1d9
b1db
b1df
b1f1
b1f3
b1f5
b1f9
b1fd
b317
b331
b33b
b35f
b373
b37b
b37f
b3b7
b3d1
b3d5
b3f1
b3f3
b3f7
b3f9
b3ff
b511
b513
b51b
b51f
b53f
b551
b57f
b597
b5b1
b5bf
b5d0
b5d7
b5f3
b5fb
b5ff
b719
b71d
b739
b771
b7db
b7f1
b7f7
b7ff
b911
b917
b91f
b931
b93d
b95f
b975
b97f
b993
b99d
b9b5
b9bf
b9d1
b9df
b9f1
b9fd
bb11
bb3f
bb51
bb7f
bb91
bb93
bbd1
bbf3
bbf7
bbfb
bbff
bd13
bd15
bd17
bd3f
bd51
bd55
bd77
bd91
bd93
bdb1
bdd7
bdd9
bdf3
bdf9
bf11
bf17
bf19
bf1b
bf39
bf3f
bf5b
bf5f
bf79
bf7f
bf95
bf99
bfb7
bfb9
bfbf
bfd3
bfdd
bff5
bff7
bffb
d135
d139
d13d
d153
d175
d199
d1b3
d1b7
d1b9
d1f5
d1fb
d317
d31b
d331
d357
d377
d39f
d3f1
d3f9
d3fd
d3ff
d51d
d533
d559
d571
d57f
d599
d59f
d5d1
d5d7
d5f3
d5f9
d713
d717
d71d
d731
d75f
d779
d791
d7bb
d7d7
d7f1
d7f5
d7fb
d911
d931
d957
d959
d971
d9bf
d9d1
d9db
d9dd
d9ff
db3d
db57
db79
db7f
dbd1
dbd7
dbf9
dbfd
dd13
dd1d
dd31
dd33
dd35
dd3f
dd59
dd99
dd9f
ddfb
df11
df17
df19
df31
df51
df53
df57
df7b
df7d
df97
df9b
dfb1
dfbb
dfbd
dfdb
dfdf
dff3
dffd
eb17
eb31
ebdf
ef3d
efd3
f115
f133
f137
f157
f159
f15b
f177
f195
f197
f199
f19b
f19d
f1b9
f1bb
f1bd
f1dd
f1f9
f1fb
f315
f317
f331
f333
f335
f33b
f33f
f359
f375
f37b
f37d
f393
f399
f3b7
f3df
f3f3
f3f7
f3fb
f3ff
f513
f515
f519
f51b
f51f
f53b
f53f
f551
f555
f55b
f55f
f575
f577
f57f
f591
f597
f59f
f5b1
f5b3
f5b9
f5bd
f5d7
f5db
f5df
f5f1
f5f5
f5f9
f5fb
f5fd
f711
f715
f719
f71d
f731
f739
f73f
f753
f755
f759
f771
f773
f77b
f77f
f79f
f7b7
f7bf
f7d1
f7d3
f7dd
f7f1
f7f3
f7f7
f7ff
f913
f917
f91b
f91f
f935
f951
f95b
f95f
f975
f97b
f97d
f97f
f991
f995
f999
f99f
f9b1
f9b3
f9b9
f9bd
f9d7
f9df
f9f1
f9f3
f9f5
f9f9
f9fb
f9fd
fb11
fb15
fb19
fb1d
fb37
fb3b
fb3f
fb51
fb5b
fb5d
fb75
fb77
fb7f
fb91
fb9b
fbb3
fbb7
fbbf
fbd1
fbd5
fbd9
fbdd
fbf3
fbf7
fbfb
fbff
fd15
fd17
fd1b
fd1f
fd31
fd39
fd53
fd5f
fd71
fd7d
fd91
fd97
fd9b
fd9f
fdb1
fdbf
fdd5
fdd7
fdd9
fddb
fddf
fdf1
fdf3
fdf5
fdf9
fdfd
ff11
ff13
ff15
ff19
ff1d
ff35
ff37
ff3b
ff3f
ff51
ff55
ff59
ff5d
ff73
ff75
ff79
ff7b
ff7f
ff91
ff93
ff95
ff99
ff9d
ffb1
ffb3
ffb5
ffb7
ffb9
ffbb
ffbf
ffd1
ffd5
ffd7
ffd9
ffdb
ffdd
fff3
fff7
fffb
ffff
