1182
0135
035b
0397
05d7
093b
0959
095d
0bd3
1131
1137
113b
113d
1157
1175
1179
117b
1191
1193
1199
11b7
11bb
11bd
11bf
11f7
1317
131f
1357
135f
1371
1379
137b
137f
1391
1393
1399
139d
13b1
13bb
13d3
13d7
13df
13f1
13f5
13f9
13fd
1511
1515
1519
151b
151d
1531
1537
1539
153f
1553
155d
1571
1575
157b
1597
159f
15b1
15b5
15bb
15bf
15d1
15d5
15d9
15dd
15f3
15f7
15fb
15ff
1713
1717
171b
171d
171f
1731
1739
173d
1755
175b
175f
1777
1779
177d
177f
1791
1797
179d
17b1
17b3
17d7
17db
17df
17f1
17f5
17f9
17fd
1915
1919
191d
1931
1935
1971
197d
1993
1997
1999
199f
19b3
19b7
19bf
19d3
19d7
19d9
19fb
1b13
1b17
1b1b
1b1f
1b31
1b33
1b39
1b3d
1b53
1b57
1b5b
1b5d
1b5f
1b71
1b79
1b7b
1b97
1b9f
1bb1
1bbd
1bdb
1bdf
1bf1
1bf5
1bf9
1bfd
1d13
1d19
1d39
1d51
1d5d
1d5f
1d75
1d99
1db9
1dbf
1e7b
1eb3
1f31
1f37
1f53
1f77
1f7d
1f93
1f95
1f9f
1fb1
1fb5
1fb9
1fbd
1fd7
1ff1
1ff5
1ff9
1ffd
3079
3113
3115
3117
311b
311f
3131
3139
313b
3153
3157
315f
3171
317d
317f
3197
319b
31b1
31d7
31db
31df
31f1
31f3
31f5
31f9
31fd
3311
331d
3373
3391
33bf
33d1
33f7
33ff
351b
351f
3531
353d
3571
357b
3597
359f
35b1
35d1
35db
35df
35f1
35f3
35fd
3711
3715
371f
3737
3770
3777
3791
379b
379f
37d1
37db
37ff
3901
3913
391f
393f
395b
397f
3991
39b1
39df
3b05
3b07
3b11
3b1d
3b1f
3b31
3b3f
3b7f
3bbf
3bd1
3bf9
3bff
3d13
3d17
3d1f
3d31
3d37
3d71
3d77
3d95
3db1
3df1
3df7
3dff
3f11
3f15
3f19
3f1d
3f3b
3f3f
3f51
3f5d
3f73
3f7b
3f7f
3f91
3f97
3f9d
3fb5
3fb9
3fbf
3fd1
3fdb
3ff3
3ff7
3ff9
3ffb
3fff
511d
5133
5137
513b
513f
5159
515f
5171
5175
5177
517b
517f
5191
519b
519f
51bd
51d1
51d9
51f3
51f5
51fb
51fd
51ff
5305
5311
531b
5351
535d
5375
539f
53d9
53df
53f1
53ff
5511
5515
551f
5531
553d
5550
5591
55b1
55bf
55dd
55f7
55f9
55ff
5715
571d
575d
575f
5771
57d3
57d9
57f1
57f3
57fb
57fd
5911
5915
591f
593d
597d
599f
59bd
59bf
59d1
59d9
59dd
59f3
5b13
5b19
5b39
5b55
5b5b
5bbb
5bd9
5bf1
5bf3
5bf7
5bff
5d11
5d19
5d1f
5d37
5d3d
5d51
5d73
5d95
5d99
5db9
5dd3
5df7
5dfb
5dff
5f13
5f15
5f1b
5f1f
5f31
5f39
5f3f
5f53
5f57
5f5b
5f5f
5f71
5f9f
5fb1
5fb3
5fbf
5fd7
5fdf
5ff1
5ff5
5ff9
5ffd
7115
7117
711b
7135
713f
7151
7153
715b
715f
717d
7190
719b
71b1
71b5
71bd
71d1
71dd
71df
71e7
71f1
71f3
71f9
71fd
7311
7313
7319
731b
731d
7331
7371
7373
739f
73b1
73b9
73d1
73db
73f9
73ff
7519
751b
751f
7551
755f
75b7
75bb
75df
75f1
75fd
7711
771f
773f
7751
7791
77d1
77f3
77f7
77f9
77ff
7919
791b
791d
7931
793f
795b
7971
7991
7997
799f
79b1
79db
79f1
79f5
79ff
7b11
7b13
7b15
7b1f
7b51
7bbf
7bd1
7bf9
7bff
7d17
7d1f
7d31
7d33
7d37
7d7d
7d7f
7db1
7db5
7df1
7dfd
7f11
7f13
7f19
7f1b
7f1d
7f1f
7f5f
7f71
7f73
7f75
7f7f
7f91
7f97
7f9b
7fbd
7fbf
7fd1
7fdf
7ff3
7ff5
7ff7
7ffb
7fff
9113
9117
9119
911d
9137
913f
9153
9171
9175
917f
9191
9195
91b3
91bf
91d3
91df
91f1
91f5
91f7
91fb
91ff
9307
931f
933d
935f
937d
9391
939f
93f1
93f5
93fb
93ff
9505
9511
9519
9533
953f
9571
957f
959f
95b5
95d1
95ff
9717
971b
971d
971f
973f
975d
979d
97bf
97d3
97d5
97f1
97ff
9911
991f
9931
9975
99d1
99f3
99fb
99ff
9b1d
9b59
9b93
9b9f
9bb1
9bb7
9bf1
9bfb
9bff
9d11
9d1b
9d1f
9d33
9d51
9d7f
9db0
9db3
9dd1
9df5
9dff
9f15
9f19
9f1f
9f31
9f33
9f3f
9f51
9f55
9f5d
9f71
9f77
9f79
9f7d
9f9f
9fb1
9fb7
9fbb
9fd9
9fdf
9ff1
9ff3
9ff7
9ff9
9ffb
9ffd
b115
b11b
b133
b137
b151
b155
b15f
b179
b17b
b191
b193
b19f
b1bd
b1d5
b1d7
b1d9
b1f9
b1ff
b317
b331
b33b
b35f
b373
b37b
b3b7
b3d5
b3f1
b3f3
b3f7
b3f9
b3ff
b511
b513
b51b
b51f
b53f
b551
b57f
b5b1
b5bf
b5d0
b5d3
b5d7
b5fb
b5ff
b719
b71d
b739
b771
b7db
b7f1
b7f7
b7ff
b911
b917
b91f
b931
b93d
b951
b975
b97f
b993
b99d
b9b5
b9bf
b9d1
b9df
b9f1
b9fd
bb11
bb3f
bb5f
bb7f
bb91
bb93
bbf5
bbfb
bbff
bd13
bd15
bd17
bd1f
bd3d
bd51
bd55
bd77
bd91
bd93
bdb1
bdd3
bdd7
bdd9
bddf
bdf1
bdf9
bdfd
bf11
bf17
bf19
bf1b
bf1d
bf39
bf3f
bf51
bf5b
bf5f
bf7f
bf95
bf99
bfb7
bfbf
bfdd
bff5
bffb
cdf3
cfbb
d135
d139
d13d
d153
d175
d199
d1b1
d1b3
d1b7
d1b9
d1db
d1f5
d317
d31b
d331
d357
d377
d37f
d391
d39f
d3df
d3f1
d3f9
d3fd
d51d
d559
d571
d57f
d599
d59f
d5d1
d5d7
d5f9
d5ff
d713
d71d
d731
d75f
d779
d791
d7d7
d7f1
d7f5
d7f9
d931
d959
d971
d9bf
d9d1
d9db
d9dd
d9fb
d9ff
db17
db1f
db31
db3d
db57
db5f
db71
db77
db79
dbd1
dbdf
dbf1
dbf5
dbf9
dbfd
dd11
dd13
dd19
dd1d
dd31
dd33
dd35
dd3f
dd59
dd7b
dd7f
dd9f
ddd1
ddf7
ddfb
ddff
df17
df1b
df1f
df31
df39
df3d
df53
df57
df5b
df5f
df71
df75
df7d
df93
df97
df99
df9b
df9f
dfb1
dfb9
dfbd
dfd3
dfd7
dfdb
dfdf
dff1
dff3
dff5
dff9
dffd
e519
f115
f157
f159
f15b
f15f
f177
f191
f195
f197
f199
f19b
f1bb
f1bd
f1d3
f1dd
f1f1
f315
f317
f331
f333
f335
f33b
f33f
f351
f359
f375
f37b
f37d
f393
f3b7
f3df
f3f3
f3f7
f3fb
f3ff
f513
f515
f51b
f51f
f53b
f53f
f551
f555
f55b
f55f
f575
f577
f57f
f591
f597
f59f
f5b1
f5b3
f5b9
f5bd
f5db
f5df
f5f1
f5f5
f5f9
f5fd
f711
f715
f717
f719
f71d
f731
f737
f73f
f753
f755
f759
f771
f773
f77b
f77f
f79f
f7bf
f7d1
f7d3
f7dd
f7f1
f7f3
f7f7
f7fb
f7ff
f913
f917
f91b
f91f
f935
f951
f95b
f95f
f975
f97b
f97f
f991
f995
f999
f99d
f9b1
f9b3
f9b9
f9bd
f9d3
f9d7
f9f5
f9f9
f9ff
fb15
fb19
fb37
fb3d
fb51
fb5b
fb5d
fb75
fb7f
fb91
fb9b
fbb3
fbb7
fbbf
fbd5
fbd9
fbdd
fbf3
fbf7
fbfb
fbff
fd15
fd17
fd1f
fd39
fd53
fd7f
fd91
fd97
fdbf
fdd5
fdd7
fdf3
fdf5
fdf9
fdfb
fdff
ff13
ff15
ff1b
ff33
ff35
ff37
ff59
ff5d
ff73
ff79
ff7f
ff93
ff95
ff9b
ffb5
ffb7
ffd1
ffd5
fff3
fff7
